Started at Fri Jun 18 09:50:56 UTC 2021
Processing CodePull
Offering CodePull to Project Build Discarder
Processing Job1
Offering Job1 to Project Build Discarder
Processing test
Offering test to Project Build Discarder
Finished at Fri Jun 18 09:50:56 UTC 2021. 0ms
Started at Fri Jun 18 10:50:56 UTC 2021
Processing CodePull
Offering CodePull to Project Build Discarder
Processing Job1
Offering Job1 to Project Build Discarder
Processing test
Offering test to Project Build Discarder
Finished at Fri Jun 18 10:50:56 UTC 2021. 6ms
Started at Fri Jun 18 11:50:56 UTC 2021
Processing CodePull
Offering CodePull to Project Build Discarder
Processing Job1
Offering Job1 to Project Build Discarder
Processing test
Offering test to Project Build Discarder
Finished at Fri Jun 18 11:50:56 UTC 2021. 2ms
Started at Fri Jun 18 12:50:56 UTC 2021
Processing CodePull
Offering CodePull to Project Build Discarder
Processing Job1
Offering Job1 to Project Build Discarder
Processing test
Offering test to Project Build Discarder
Finished at Fri Jun 18 12:50:56 UTC 2021. 1ms
Started at Fri Jun 18 13:50:56 UTC 2021
Processing CodePull
Offering CodePull to Project Build Discarder
Processing Job1
Offering Job1 to Project Build Discarder
Processing test
Offering test to Project Build Discarder
Finished at Fri Jun 18 13:50:56 UTC 2021. 1ms
Started at Fri Jun 18 14:50:56 UTC 2021
Processing CodePull
Offering CodePull to Project Build Discarder
Processing Job1
Offering Job1 to Project Build Discarder
Processing test
Offering test to Project Build Discarder
Finished at Fri Jun 18 14:50:56 UTC 2021. 4ms
