2021-06-18T17:55:28.583Z [jffe ] [[34M[INFO ][39M] [                ] [                              ] [main                ] - frontend (jffe) service initialization started. Version: 1.19.2 Revision: 10000002 PID: 3378 Home: /opt/jfrog/artifactory
2021-06-18T17:55:28.608Z [jffe ] [[34M[INFO ][39M] [                ] [                              ] [main                ] - attempting pinging artifactory for 180 retires and 1.0s interval for total of 3 minutes
2021-06-18T17:55:37.935Z [jffe ] [[34M[INFO ][39M] [                ] [                              ] [main                ] - pinging artifactory, attempt number 10
2021-06-18T17:55:37.955Z [jffe ] [[34M[INFO ][39M] [                ] [                              ] [main                ] - pinging artifactory attempt number 10 failed with code : ECONNREFUSED
2021-06-18T17:55:48.052Z [jffe ] [[34M[INFO ][39M] [                ] [                              ] [main                ] - pinging artifactory, attempt number 20
2021-06-18T17:55:48.064Z [jffe ] [[34M[INFO ][39M] [                ] [                              ] [main                ] - pinging artifactory attempt number 20 failed with code : ECONNREFUSED
2021-06-18T17:55:58.263Z [jffe ] [[34M[INFO ][39M] [                ] [                              ] [main                ] - pinging artifactory, attempt number 30
2021-06-18T17:55:58.295Z [jffe ] [[34M[INFO ][39M] [                ] [                              ] [main                ] - pinging artifactory attempt number 30 failed with code : ECONNREFUSED
2021-06-18T17:56:08.480Z [jffe ] [[34M[INFO ][39M] [                ] [                              ] [main                ] - pinging artifactory, attempt number 40
2021-06-18T17:56:08.513Z [jffe ] [[34M[INFO ][39M] [                ] [                              ] [main                ] - pinging artifactory attempt number 40 failed with code : ECONNREFUSED
2021-06-18T17:56:18.931Z [jffe ] [[34M[INFO ][39M] [                ] [                              ] [main                ] - pinging artifactory, attempt number 50
2021-06-18T17:56:18.940Z [jffe ] [[34M[INFO ][39M] [                ] [                              ] [main                ] - pinging artifactory attempt number 50 failed with code : ECONNREFUSED
2021-06-18T17:56:29.446Z [jffe ] [[34M[INFO ][39M] [                ] [                              ] [main                ] - pinging artifactory, attempt number 60
2021-06-18T17:56:29.501Z [jffe ] [[34M[INFO ][39M] [                ] [                              ] [main                ] - pinging artifactory attempt number 60 failed with code : ECONNREFUSED
2021-06-18T17:56:39.784Z [jffe ] [[34M[INFO ][39M] [                ] [                              ] [main                ] - pinging artifactory, attempt number 70
2021-06-18T17:56:39.809Z [jffe ] [[34M[INFO ][39M] [                ] [                              ] [main                ] - pinging artifactory attempt number 70 failed with code : ECONNREFUSED
2021-06-18T17:56:49.961Z [jffe ] [[34M[INFO ][39M] [                ] [                              ] [main                ] - pinging artifactory, attempt number 80
2021-06-18T17:56:49.983Z [jffe ] [[34M[INFO ][39M] [                ] [                              ] [main                ] - pinging artifactory attempt number 80 failed with code : ECONNREFUSED
2021-06-18T17:57:00.166Z [jffe ] [[34M[INFO ][39M] [                ] [                              ] [main                ] - pinging artifactory, attempt number 90
2021-06-18T17:57:00.179Z [jffe ] [[34M[INFO ][39M] [                ] [                              ] [main                ] - pinging artifactory attempt number 90 failed with code : ECONNREFUSED
2021-06-18T17:57:04.282Z [jffe ] [[31M[1M[ERROR][22M[39M] [                ] [                              ] [main                ] - ArtifactoryClient::http [get] request to /api/system/ping failed with 404 code
2021-06-18T17:57:05.344Z [jffe ] [[31M[1M[ERROR][22M[39M] [                ] [                              ] [main                ] - ArtifactoryClient::http [get] request to /api/system/ping failed with 404 code
2021-06-18T17:57:06.353Z [jffe ] [[31M[1M[ERROR][22M[39M] [                ] [                              ] [main                ] - ArtifactoryClient::http [get] request to /api/system/ping failed with 404 code
2021-06-18T17:57:07.361Z [jffe ] [[31M[1M[ERROR][22M[39M] [                ] [                              ] [main                ] - ArtifactoryClient::http [get] request to /api/system/ping failed with 404 code
2021-06-18T17:57:08.367Z [jffe ] [[31M[1M[ERROR][22M[39M] [                ] [                              ] [main                ] - ArtifactoryClient::http [get] request to /api/system/ping failed with 404 code
2021-06-18T17:57:09.384Z [jffe ] [[31M[1M[ERROR][22M[39M] [                ] [                              ] [main                ] - ArtifactoryClient::http [get] request to /api/system/ping failed with 404 code
2021-06-18T17:57:10.386Z [jffe ] [[34M[INFO ][39M] [                ] [                              ] [main                ] - pinging artifactory, attempt number 100
2021-06-18T17:57:10.414Z [jffe ] [[31M[1M[ERROR][22M[39M] [                ] [                              ] [main                ] - ArtifactoryClient::http [get] request to /api/system/ping failed with 404 code
2021-06-18T17:57:10.417Z [jffe ] [[34M[INFO ][39M] [                ] [                              ] [main                ] - pinging artifactory attempt number 100 failed with code : undefined
2021-06-18T17:57:11.445Z [jffe ] [[31M[1M[ERROR][22M[39M] [                ] [                              ] [main                ] - ArtifactoryClient::http [get] request to /api/system/ping failed with 404 code
2021-06-18T17:57:12.462Z [jffe ] [[31M[1M[ERROR][22M[39M] [                ] [                              ] [main                ] - ArtifactoryClient::http [get] request to /api/system/ping failed with 503 code
2021-06-18T17:57:13.540Z [jffe ] [[31M[1M[ERROR][22M[39M] [                ] [                              ] [main                ] - ArtifactoryClient::http [get] request to /api/system/ping failed with 503 code
2021-06-18T17:57:14.572Z [jffe ] [[31M[1M[ERROR][22M[39M] [                ] [                              ] [main                ] - ArtifactoryClient::http [get] request to /api/system/ping failed with 503 code
2021-06-18T17:57:15.642Z [jffe ] [[31M[1M[ERROR][22M[39M] [                ] [                              ] [main                ] - ArtifactoryClient::http [get] request to /api/system/ping failed with 503 code
2021-06-18T17:57:16.667Z [jffe ] [[31M[1M[ERROR][22M[39M] [                ] [                              ] [main                ] - ArtifactoryClient::http [get] request to /api/system/ping failed with 503 code
2021-06-18T17:57:17.726Z [jffe ] [[31M[1M[ERROR][22M[39M] [                ] [                              ] [main                ] - ArtifactoryClient::http [get] request to /api/system/ping failed with 503 code
2021-06-18T17:57:18.807Z [jffe ] [[31M[1M[ERROR][22M[39M] [                ] [                              ] [main                ] - ArtifactoryClient::http [get] request to /api/system/ping failed with 503 code
2021-06-18T17:57:19.885Z [jffe ] [[31M[1M[ERROR][22M[39M] [                ] [                              ] [main                ] - ArtifactoryClient::http [get] request to /api/system/ping failed with 503 code
2021-06-18T17:57:20.888Z [jffe ] [[34M[INFO ][39M] [                ] [                              ] [main                ] - pinging artifactory, attempt number 110
2021-06-18T17:57:20.913Z [jffe ] [[31M[1M[ERROR][22M[39M] [                ] [                              ] [main                ] - ArtifactoryClient::http [get] request to /api/system/ping failed with 503 code
2021-06-18T17:57:20.923Z [jffe ] [[34M[INFO ][39M] [                ] [                              ] [main                ] - pinging artifactory attempt number 110 failed with code : undefined
2021-06-18T17:57:21.972Z [jffe ] [[31M[1M[ERROR][22M[39M] [                ] [                              ] [main                ] - ArtifactoryClient::http [get] request to /api/system/ping failed with 503 code
2021-06-18T17:57:22.991Z [jffe ] [[31M[1M[ERROR][22M[39M] [                ] [                              ] [main                ] - ArtifactoryClient::http [get] request to /api/system/ping failed with 503 code
2021-06-18T17:57:24.003Z [jffe ] [[31M[1M[ERROR][22M[39M] [                ] [                              ] [main                ] - ArtifactoryClient::http [get] request to /api/system/ping failed with 503 code
2021-06-18T17:57:25.026Z [jffe ] [[31M[1M[ERROR][22M[39M] [                ] [                              ] [main                ] - ArtifactoryClient::http [get] request to /api/system/ping failed with 503 code
2021-06-18T17:57:26.037Z [jffe ] [[31M[1M[ERROR][22M[39M] [                ] [                              ] [main                ] - ArtifactoryClient::http [get] request to /api/system/ping failed with 503 code
2021-06-18T17:57:27.060Z [jffe ] [[31M[1M[ERROR][22M[39M] [                ] [                              ] [main                ] - ArtifactoryClient::http [get] request to /api/system/ping failed with 503 code
2021-06-18T17:57:28.078Z [jffe ] [[31M[1M[ERROR][22M[39M] [                ] [                              ] [main                ] - ArtifactoryClient::http [get] request to /api/system/ping failed with 503 code
2021-06-18T17:57:29.090Z [jffe ] [[31M[1M[ERROR][22M[39M] [                ] [                              ] [main                ] - ArtifactoryClient::http [get] request to /api/system/ping failed with 503 code
2021-06-18T17:57:30.108Z [jffe ] [[31M[1M[ERROR][22M[39M] [                ] [                              ] [main                ] - ArtifactoryClient::http [get] request to /api/system/ping failed with 503 code
2021-06-18T17:57:31.113Z [jffe ] [[34M[INFO ][39M] [                ] [                              ] [main                ] - pinging artifactory, attempt number 120
2021-06-18T17:57:31.124Z [jffe ] [[31M[1M[ERROR][22M[39M] [                ] [                              ] [main                ] - ArtifactoryClient::http [get] request to /api/system/ping failed with 503 code
2021-06-18T17:57:31.127Z [jffe ] [[34M[INFO ][39M] [                ] [                              ] [main                ] - pinging artifactory attempt number 120 failed with code : undefined
2021-06-18T17:57:33.011Z [jffe ] [[34M[INFO ][39M] [                ] [                              ] [main                ] - artifactory was pinged successfully
2021-06-18T17:57:33.017Z [jffe ] [[34M[INFO ][39M] [                ] [                              ] [main                ] - setting service id - jffe@000
2021-06-18T17:57:33.213Z [jffe ] [[34M[INFO ][39M] [                ] [                              ] [main                ] - Cluster join: Successfully joined the cluster
2021-06-18T17:57:33.332Z [jffe ] [[34M[INFO ][39M] [                ] [                              ] [main                ] - UI service successfully registered on router, serviceId: jffe@000
2021-06-18T17:57:34.326Z [jffe ] [[34M[INFO ][39M] [                ] [                              ] [main                ] - Recurring tasks started
2021-06-18T17:57:35.329Z [jffe ] [[34M[INFO ][39M] [                ] [                              ] [main                ] - frontend (jffe) service initialization completed in 130.55 seconds. Listening on port: port 8070
