2021-06-04T16:17:00.129Z [jfrou] [INFO ] [501f73dd099295da] [bootstrap.go:76               ] [main                ] - Router (jfrou) service initialization started. Version: 7.19.4-1 Revision: a650c79d3af810e94b7a9f7f2d843c669475b700 PID: 3354 Home: /opt/jfrog/artifactory
2021-06-04T16:17:00.130Z [jfrou] [INFO ] [501f73dd099295da] [bootstrap.go:79               ] [main                ] - JFrog Router IP: 172.17.0.3
2021-06-04T16:17:05.145Z [jfrou] [INFO ] [501f73dd099295da] [security_keys.go:149          ] [main                ] - Master key is missing. Pending for 5 seconds with 2m0s timeout
2021-06-04T16:17:10.200Z [jfrou] [INFO ] [501f73dd099295da] [security_keys.go:149          ] [main                ] - Master key is missing. Pending for 10 seconds with 2m0s timeout
2021-06-04T16:17:15.205Z [jfrou] [INFO ] [501f73dd099295da] [security_keys.go:149          ] [main                ] - Master key is missing. Pending for 15 seconds with 2m0s timeout
2021-06-04T16:17:20.209Z [jfrou] [INFO ] [501f73dd099295da] [security_keys.go:149          ] [main                ] - Master key is missing. Pending for 20 seconds with 2m0s timeout
2021-06-04T16:17:25.213Z [jfrou] [INFO ] [501f73dd099295da] [security_keys.go:149          ] [main                ] - Master key is missing. Pending for 25 seconds with 2m0s timeout
2021-06-04T16:17:30.217Z [jfrou] [INFO ] [501f73dd099295da] [security_keys.go:163          ] [main                ] - Cluster join: Join key is missing. Pending for 30 seconds with 2m0s timeout
2021-06-04T16:17:35.228Z [jfrou] [INFO ] [501f73dd099295da] [security_keys.go:163          ] [main                ] - Cluster join: Join key is missing. Pending for 35 seconds with 2m0s timeout
2021-06-04T16:17:39.269Z [jfrou] [INFO ] [501f73dd099295da] [bootstrap.go:192              ] [main                ] - System configuration encryption report:
shared.newrelic.licenseKey: does not exist in the config file
shared.security.joinKeyFile: file '/opt/jfrog/artifactory/var/etc/security/join.key' - already encrypted
2021-06-04T16:17:39.273Z [jfrou] [INFO ] [501f73dd099295da] [bootstrap.go:84               ] [main                ] - JFrog Router Service ID: jfrou@01f7bx1pe9qecxd1dj698wp1v5
2021-06-04T16:17:39.274Z [jfrou] [INFO ] [501f73dd099295da] [bootstrap.go:85               ] [main                ] - JFrog Router Node ID: cc86a18adde6
2021-06-04T16:17:39.493Z [jfrou] [INFO ] [501f73dd099295da] [http_client_holder.go:155     ] [main                ] - System cert pool contents were loaded as trusted CAs for TLS communication
2021-06-04T16:17:40.189Z [jfrou] [INFO ] [501f73dd099295da] [config_holder.go:107          ] [main                ] - Configuration update detected
2021-06-04T16:17:47.124Z [jfrou] [INFO ] [501f73dd099295da] [join_executor.go:116          ] [main                ] - Cluster join: Trying to rejoin the cluster
2021-06-04T16:17:48.521Z [jfrou] [INFO ] [501f73dd099295da] [join_executor.go:205          ] [main                ] - Cluster join: Successfully joined the cluster
2021-06-04T16:17:48.524Z [jfrou] [INFO ] [501f73dd099295da] [http_client_holder.go:155     ] [main                ] - System cert pool contents were loaded as trusted CAs for TLS communication
2021-06-04T16:17:48.526Z [jfrou] [INFO ] [501f73dd099295da] [http_client_holder.go:175     ] [main                ] - Following certificates were successfully loaded as trusted CAs for TLS communication:
[/opt/jfrog/artifactory/var/data/router/keys/trusted/access-root-ca.crt]
2021-06-04T16:17:48.632Z [jfrou] [INFO ] [501f73dd099295da] [main.go:47                    ] [main                ] - Router (jfrou) service initialization completed in 48.505 seconds. Listening on port: 8082
2021-06-04T16:18:32.493Z [jfrou] [INFO ] [80dc47bc429192a ] [bootstrap.go:76               ] [main                ] - Router (jfrou) service initialization started. Version: 7.19.4-1 Revision: a650c79d3af810e94b7a9f7f2d843c669475b700 PID: 3037 Home: /opt/jfrog/artifactory
2021-06-04T16:18:32.493Z [jfrou] [INFO ] [80dc47bc429192a ] [bootstrap.go:79               ] [main                ] - JFrog Router IP: 172.17.0.3
2021-06-04T16:18:32.495Z [jfrou] [INFO ] [80dc47bc429192a ] [bootstrap.go:192              ] [main                ] - System configuration encryption report:
shared.newrelic.licenseKey: does not exist in the config file
shared.security.joinKeyFile: file '/opt/jfrog/artifactory/var/etc/security/join.key' - already encrypted
2021-06-04T16:18:32.495Z [jfrou] [INFO ] [80dc47bc429192a ] [bootstrap.go:84               ] [main                ] - JFrog Router Service ID: jfrou@01f7bx1pe9qecxd1dj698wp1v5
2021-06-04T16:18:32.495Z [jfrou] [INFO ] [80dc47bc429192a ] [bootstrap.go:85               ] [main                ] - JFrog Router Node ID: 40b8095f9704
2021-06-04T16:18:32.524Z [jfrou] [INFO ] [80dc47bc429192a ] [http_client_holder.go:155     ] [main                ] - System cert pool contents were loaded as trusted CAs for TLS communication
2021-06-04T16:18:32.526Z [jfrou] [INFO ] [80dc47bc429192a ] [http_client_holder.go:175     ] [main                ] - Following certificates were successfully loaded as trusted CAs for TLS communication:
[/opt/jfrog/artifactory/var/data/router/keys/trusted/access-root-ca.crt]
2021-06-04T16:18:34.494Z [jfrou] [INFO ] [80dc47bc429192a ] [config_holder.go:107          ] [main                ] - Configuration update detected
2021-06-04T16:18:36.837Z [jfrou] [INFO ] [80dc47bc429192a ] [join_executor.go:165          ] [main                ] - Cluster join: Retry 5: Service registry ping failed, will retry. Error: Get "http://localhost:8040/access/api/v1/system/ping": dial tcp 127.0.0.1:8040: connect: connection refused
2021-06-04T16:19:18.823Z [jfrou] [INFO ] [80dc47bc429192a ] [join_executor.go:116          ] [main                ] - Cluster join: Trying to rejoin the cluster
2021-06-04T16:19:21.372Z [jfrou] [INFO ] [80dc47bc429192a ] [join_executor.go:205          ] [main                ] - Cluster join: Successfully joined the cluster
2021-06-04T16:19:21.375Z [jfrou] [INFO ] [80dc47bc429192a ] [http_client_holder.go:155     ] [main                ] - System cert pool contents were loaded as trusted CAs for TLS communication
2021-06-04T16:19:21.377Z [jfrou] [INFO ] [80dc47bc429192a ] [http_client_holder.go:175     ] [main                ] - Following certificates were successfully loaded as trusted CAs for TLS communication:
[/opt/jfrog/artifactory/var/data/router/keys/trusted/access-root-ca.crt]
2021-06-04T16:19:21.394Z [jfrou] [INFO ] [80dc47bc429192a ] [main.go:47                    ] [main                ] - Router (jfrou) service initialization completed in 48.905 seconds. Listening on port: 8082
2021-06-04T16:19:56.423Z [jfrou] [INFO ] [2e31de523b8ec29 ] [local_topology.go:258         ] [main                ] - 
###############################################################
###   All services started successfully in 83.934 seconds   ###
###############################################################
2021-06-09T16:33:51.145Z [jfrou] [ERROR] [7931c39ba144b394] [external_topology.go:82       ] [main                ] - Failed fetching external topology from Access: Get "http://localhost:8040/access/api/v1/topology": context deadline exceeded (Client.Timeout exceeded while awaiting headers)
2021-06-09T17:40:32.417Z [jfrou] [ERROR] [374ddd9fb63134ca] [external_topology.go:82       ] [main                ] - Failed fetching external topology from Access: Get "http://localhost:8040/access/api/v1/topology": context deadline exceeded
2021-06-09T17:41:05.164Z [jfrou] [ERROR] [4878e6d60cf95439] [external_topology.go:82       ] [main                ] - Failed fetching external topology from Access: Get "http://localhost:8040/access/api/v1/topology": context deadline exceeded (Client.Timeout exceeded while awaiting headers)
2021-06-09T17:42:48.871Z [jfrou] [ERROR] [4742d82e449c4e22] [external_topology.go:82       ] [main                ] - Failed fetching external topology from Access: Get "http://localhost:8040/access/api/v1/topology": net/http: request canceled while waiting for connection (Client.Timeout exceeded while awaiting headers)
2021-06-09T17:43:25.670Z [jfrou] [ERROR] [6f3730b8b3ebf5ab] [external_topology.go:82       ] [main                ] - Failed fetching external topology from Access: Get "http://localhost:8040/access/api/v1/topology": context deadline exceeded
2021-06-11T08:45:49.822Z [jfrou] [INFO ] [278227aa6a02a2be] [bootstrap.go:76               ] [main                ] - Router (jfrou) service initialization started. Version: 7.19.4-1 Revision: a650c79d3af810e94b7a9f7f2d843c669475b700 PID: 3027 Home: /opt/jfrog/artifactory
2021-06-11T08:45:49.824Z [jfrou] [INFO ] [278227aa6a02a2be] [bootstrap.go:79               ] [main                ] - JFrog Router IP: 172.17.0.2
2021-06-11T08:45:49.825Z [jfrou] [INFO ] [278227aa6a02a2be] [bootstrap.go:192              ] [main                ] - System configuration encryption report:
shared.newrelic.licenseKey: does not exist in the config file
shared.security.joinKeyFile: file '/opt/jfrog/artifactory/var/etc/security/join.key' - already encrypted
2021-06-11T08:45:49.826Z [jfrou] [INFO ] [278227aa6a02a2be] [bootstrap.go:84               ] [main                ] - JFrog Router Service ID: jfrou@01f7bx1pe9qecxd1dj698wp1v5
2021-06-11T08:45:49.826Z [jfrou] [INFO ] [278227aa6a02a2be] [bootstrap.go:85               ] [main                ] - JFrog Router Node ID: 4dc91af1c536
2021-06-11T08:45:49.861Z [jfrou] [INFO ] [278227aa6a02a2be] [http_client_holder.go:155     ] [main                ] - System cert pool contents were loaded as trusted CAs for TLS communication
2021-06-11T08:45:49.862Z [jfrou] [INFO ] [278227aa6a02a2be] [http_client_holder.go:175     ] [main                ] - Following certificates were successfully loaded as trusted CAs for TLS communication:
[/opt/jfrog/artifactory/var/data/router/keys/trusted/access-root-ca.crt]
2021-06-11T08:45:51.825Z [jfrou] [INFO ] [278227aa6a02a2be] [config_holder.go:107          ] [main                ] - Configuration update detected
2021-06-11T08:46:07.981Z [jfrou] [INFO ] [278227aa6a02a2be] [join_executor.go:116          ] [main                ] - Cluster join: Trying to rejoin the cluster
2021-06-11T08:46:08.964Z [jfrou] [INFO ] [278227aa6a02a2be] [join_executor.go:205          ] [main                ] - Cluster join: Successfully joined the cluster
2021-06-11T08:46:08.966Z [jfrou] [INFO ] [278227aa6a02a2be] [http_client_holder.go:155     ] [main                ] - System cert pool contents were loaded as trusted CAs for TLS communication
2021-06-11T08:46:08.966Z [jfrou] [INFO ] [278227aa6a02a2be] [http_client_holder.go:175     ] [main                ] - Following certificates were successfully loaded as trusted CAs for TLS communication:
[/opt/jfrog/artifactory/var/data/router/keys/trusted/access-root-ca.crt]
2021-06-11T08:46:08.987Z [jfrou] [INFO ] [278227aa6a02a2be] [main.go:47                    ] [main                ] - Router (jfrou) service initialization completed in 19.170 seconds. Listening on port: 8082
2021-06-11T08:46:29.009Z [jfrou] [INFO ] [2d07f32b66f4e1a4] [local_topology.go:258         ] [main                ] - 
###############################################################
###   All services started successfully in 39.191 seconds   ###
###############################################################
2021-06-18T17:55:11.527Z [jfrou] [INFO ] [8dfcc1e3f36f74c ] [bootstrap.go:76               ] [main                ] - Router (jfrou) service initialization started. Version: 7.19.4-1 Revision: a650c79d3af810e94b7a9f7f2d843c669475b700 PID: 2942 Home: /opt/jfrog/artifactory
2021-06-18T17:55:11.555Z [jfrou] [INFO ] [8dfcc1e3f36f74c ] [bootstrap.go:79               ] [main                ] - JFrog Router IP: 172.29.0.4
2021-06-18T17:55:11.608Z [jfrou] [INFO ] [8dfcc1e3f36f74c ] [bootstrap.go:192              ] [main                ] - System configuration encryption report:
shared.newrelic.licenseKey: does not exist in the config file
shared.security.joinKeyFile: file '/opt/jfrog/artifactory/var/etc/security/join.key' - already encrypted
2021-06-18T17:55:11.635Z [jfrou] [INFO ] [8dfcc1e3f36f74c ] [bootstrap.go:84               ] [main                ] - JFrog Router Service ID: jfrou@01f7bx1pe9qecxd1dj698wp1v5
2021-06-18T17:55:11.635Z [jfrou] [INFO ] [8dfcc1e3f36f74c ] [bootstrap.go:85               ] [main                ] - JFrog Router Node ID: 1406f5853211
2021-06-18T17:55:11.866Z [jfrou] [INFO ] [8dfcc1e3f36f74c ] [http_client_holder.go:155     ] [main                ] - System cert pool contents were loaded as trusted CAs for TLS communication
2021-06-18T17:55:11.874Z [jfrou] [INFO ] [8dfcc1e3f36f74c ] [http_client_holder.go:175     ] [main                ] - Following certificates were successfully loaded as trusted CAs for TLS communication:
[/opt/jfrog/artifactory/var/data/router/keys/trusted/access-root-ca.crt]
2021-06-18T17:55:13.553Z [jfrou] [INFO ] [8dfcc1e3f36f74c ] [config_holder.go:107          ] [main                ] - Configuration update detected
2021-06-18T17:55:17.811Z [jfrou] [INFO ] [8dfcc1e3f36f74c ] [join_executor.go:165          ] [main                ] - Cluster join: Retry 5: Service registry ping failed, will retry. Error: Get "http://localhost:8040/access/api/v1/system/ping": dial tcp 127.0.0.1:8040: connect: connection refused
2021-06-18T17:55:52.886Z [jfrou] [INFO ] [8dfcc1e3f36f74c ] [join_executor.go:165          ] [main                ] - Cluster join: Retry 10: Service registry ping failed, will retry. Error: Get "http://localhost:8040/access/api/v1/system/ping": net/http: request canceled (Client.Timeout exceeded while awaiting headers)
2021-06-18T17:56:59.189Z [jfrou] [INFO ] [8dfcc1e3f36f74c ] [join_executor.go:116          ] [main                ] - Cluster join: Trying to rejoin the cluster
2021-06-18T17:57:03.699Z [jfrou] [INFO ] [8dfcc1e3f36f74c ] [join_executor.go:205          ] [main                ] - Cluster join: Successfully joined the cluster
2021-06-18T17:57:03.707Z [jfrou] [INFO ] [8dfcc1e3f36f74c ] [http_client_holder.go:155     ] [main                ] - System cert pool contents were loaded as trusted CAs for TLS communication
2021-06-18T17:57:03.708Z [jfrou] [INFO ] [8dfcc1e3f36f74c ] [http_client_holder.go:175     ] [main                ] - Following certificates were successfully loaded as trusted CAs for TLS communication:
[/opt/jfrog/artifactory/var/data/router/keys/trusted/access-root-ca.crt]
2021-06-18T17:57:03.854Z [jfrou] [INFO ] [8dfcc1e3f36f74c ] [main.go:47                    ] [main                ] - Router (jfrou) service initialization completed in 112.336 seconds. Listening on port: 8082
2021-06-18T17:57:43.901Z [jfrou] [INFO ] [968373ee3a84036 ] [local_topology.go:258         ] [main                ] - 
################################################################
###   All services started successfully in 152.384 seconds   ###
################################################################
2021-06-21T07:36:42.342Z [jfrou] [ERROR] [702805eb1cb3af5f] [external_topology.go:82       ] [main                ] - Failed fetching external topology from Access: Get "http://localhost:8040/access/api/v1/topology": read tcp 127.0.0.1:46058->127.0.0.1:8040: read: connection reset by peer
2021-06-21T07:36:43.621Z [jfrou] [ERROR] [41d9b16b8b39dc78] [external_topology.go:82       ] [main                ] - Failed fetching external topology from Access: Get "http://localhost:8040/access/api/v1/topology": dial tcp 127.0.0.1:8040: connect: connection refused
2021-06-21T17:25:12.068Z [jfrou] [INFO ] [22201160641552b0] [bootstrap.go:76               ] [main                ] - Router (jfrou) service initialization started. Version: 7.19.4-1 Revision: a650c79d3af810e94b7a9f7f2d843c669475b700 PID: 2981 Home: /opt/jfrog/artifactory
2021-06-21T17:25:12.071Z [jfrou] [INFO ] [22201160641552b0] [bootstrap.go:79               ] [main                ] - JFrog Router IP: 172.20.0.4
2021-06-21T17:25:12.084Z [jfrou] [INFO ] [22201160641552b0] [bootstrap.go:192              ] [main                ] - System configuration encryption report:
shared.newrelic.licenseKey: does not exist in the config file
shared.security.joinKeyFile: file '/opt/jfrog/artifactory/var/etc/security/join.key' - already encrypted
2021-06-21T17:25:12.101Z [jfrou] [INFO ] [22201160641552b0] [bootstrap.go:84               ] [main                ] - JFrog Router Service ID: jfrou@01f7bx1pe9qecxd1dj698wp1v5
2021-06-21T17:25:12.102Z [jfrou] [INFO ] [22201160641552b0] [bootstrap.go:85               ] [main                ] - JFrog Router Node ID: 0bd94e56789e
2021-06-21T17:25:12.357Z [jfrou] [INFO ] [22201160641552b0] [http_client_holder.go:155     ] [main                ] - System cert pool contents were loaded as trusted CAs for TLS communication
2021-06-21T17:25:12.367Z [jfrou] [INFO ] [22201160641552b0] [http_client_holder.go:175     ] [main                ] - Following certificates were successfully loaded as trusted CAs for TLS communication:
[/opt/jfrog/artifactory/var/data/router/keys/trusted/access-root-ca.crt]
2021-06-21T17:25:14.077Z [jfrou] [INFO ] [22201160641552b0] [config_holder.go:107          ] [main                ] - Configuration update detected
2021-06-21T17:25:16.800Z [jfrou] [INFO ] [22201160641552b0] [join_executor.go:165          ] [main                ] - Cluster join: Retry 5: Service registry ping failed, will retry. Error: Get "http://localhost:8040/access/api/v1/system/ping": dial tcp 127.0.0.1:8040: connect: connection refused
2021-06-21T17:25:21.815Z [jfrou] [INFO ] [22201160641552b0] [join_executor.go:165          ] [main                ] - Cluster join: Retry 10: Service registry ping failed, will retry. Error: Get "http://localhost:8040/access/api/v1/system/ping": dial tcp 127.0.0.1:8040: connect: connection refused
2021-06-21T17:26:26.856Z [jfrou] [INFO ] [22201160641552b0] [join_executor.go:165          ] [main                ] - Cluster join: Retry 15: Service registry ping failed, will retry. Error: Get "http://localhost:8040/access/api/v1/system/ping": context deadline exceeded (Client.Timeout exceeded while awaiting headers)
2021-06-21T17:27:36.035Z [jfrou] [INFO ] [695e1644a705fa53] [bootstrap.go:76               ] [main                ] - Router (jfrou) service initialization started. Version: 7.19.4-1 Revision: a650c79d3af810e94b7a9f7f2d843c669475b700 PID: 2945 Home: /opt/jfrog/artifactory
2021-06-21T17:27:36.036Z [jfrou] [INFO ] [695e1644a705fa53] [bootstrap.go:79               ] [main                ] - JFrog Router IP: 172.20.0.2
2021-06-21T17:27:36.047Z [jfrou] [INFO ] [695e1644a705fa53] [bootstrap.go:192              ] [main                ] - System configuration encryption report:
shared.newrelic.licenseKey: does not exist in the config file
shared.security.joinKeyFile: file '/opt/jfrog/artifactory/var/etc/security/join.key' - already encrypted
2021-06-21T17:27:36.054Z [jfrou] [INFO ] [695e1644a705fa53] [bootstrap.go:84               ] [main                ] - JFrog Router Service ID: jfrou@01f7bx1pe9qecxd1dj698wp1v5
2021-06-21T17:27:36.057Z [jfrou] [INFO ] [695e1644a705fa53] [bootstrap.go:85               ] [main                ] - JFrog Router Node ID: 0bd94e56789e
2021-06-21T17:27:36.176Z [jfrou] [INFO ] [695e1644a705fa53] [http_client_holder.go:155     ] [main                ] - System cert pool contents were loaded as trusted CAs for TLS communication
2021-06-21T17:27:36.185Z [jfrou] [INFO ] [695e1644a705fa53] [http_client_holder.go:175     ] [main                ] - Following certificates were successfully loaded as trusted CAs for TLS communication:
[/opt/jfrog/artifactory/var/data/router/keys/trusted/access-root-ca.crt]
2021-06-21T17:27:38.042Z [jfrou] [INFO ] [695e1644a705fa53] [config_holder.go:107          ] [main                ] - Configuration update detected
2021-06-21T17:27:41.815Z [jfrou] [INFO ] [695e1644a705fa53] [join_executor.go:165          ] [main                ] - Cluster join: Retry 5: Service registry ping failed, will retry. Error: Get "http://localhost:8040/access/api/v1/system/ping": dial tcp 127.0.0.1:8040: connect: connection refused
2021-06-21T17:28:16.835Z [jfrou] [INFO ] [695e1644a705fa53] [join_executor.go:165          ] [main                ] - Cluster join: Retry 10: Service registry ping failed, will retry. Error: Get "http://localhost:8040/access/api/v1/system/ping": net/http: request canceled (Client.Timeout exceeded while awaiting headers)
2021-06-21T17:29:36.849Z [jfrou] [INFO ] [695e1644a705fa53] [join_executor.go:165          ] [main                ] - Cluster join: Retry 15: Service registry ping failed, will retry. Error: Get "http://localhost:8040/access/api/v1/system/ping": net/http: request canceled (Client.Timeout exceeded while awaiting headers)
2021-06-21T17:29:37.805Z [jfrou] [FATAL] [695e1644a705fa53] [bootstrap.go:105              ] [main                ] - Could not join access, err: cluster join: Service registry ping failed; context deadline exceeded. last error: Get "http://localhost:8040/access/api/v1/system/ping": net/http: request canceled (Client.Timeout exceeded while awaiting headers)
2021-06-21T17:32:21.419Z [jfrou] [INFO ] [5732061349b7896b] [bootstrap.go:76               ] [main                ] - Router (jfrou) service initialization started. Version: 7.19.4-1 Revision: a650c79d3af810e94b7a9f7f2d843c669475b700 PID: 2956 Home: /opt/jfrog/artifactory
2021-06-21T17:32:21.422Z [jfrou] [INFO ] [5732061349b7896b] [bootstrap.go:79               ] [main                ] - JFrog Router IP: 172.21.0.4
2021-06-21T17:32:21.429Z [jfrou] [INFO ] [5732061349b7896b] [bootstrap.go:192              ] [main                ] - System configuration encryption report:
shared.newrelic.licenseKey: does not exist in the config file
shared.security.joinKeyFile: file '/opt/jfrog/artifactory/var/etc/security/join.key' - already encrypted
2021-06-21T17:32:21.438Z [jfrou] [INFO ] [5732061349b7896b] [bootstrap.go:84               ] [main                ] - JFrog Router Service ID: jfrou@01f7bx1pe9qecxd1dj698wp1v5
2021-06-21T17:32:21.438Z [jfrou] [INFO ] [5732061349b7896b] [bootstrap.go:85               ] [main                ] - JFrog Router Node ID: 9084126770ed
2021-06-21T17:32:21.564Z [jfrou] [INFO ] [5732061349b7896b] [http_client_holder.go:155     ] [main                ] - System cert pool contents were loaded as trusted CAs for TLS communication
2021-06-21T17:32:21.570Z [jfrou] [INFO ] [5732061349b7896b] [http_client_holder.go:175     ] [main                ] - Following certificates were successfully loaded as trusted CAs for TLS communication:
[/opt/jfrog/artifactory/var/data/router/keys/trusted/access-root-ca.crt]
2021-06-21T17:32:23.524Z [jfrou] [INFO ] [5732061349b7896b] [config_holder.go:107          ] [main                ] - Configuration update detected
2021-06-21T17:32:27.906Z [jfrou] [INFO ] [5732061349b7896b] [join_executor.go:165          ] [main                ] - Cluster join: Retry 5: Service registry ping failed, will retry. Error: Get "http://localhost:8040/access/api/v1/system/ping": dial tcp 127.0.0.1:8040: connect: connection refused
2021-06-21T17:33:17.952Z [jfrou] [INFO ] [5732061349b7896b] [join_executor.go:165          ] [main                ] - Cluster join: Retry 10: Service registry ping failed, will retry. Error: Get "http://localhost:8040/access/api/v1/system/ping": net/http: request canceled (Client.Timeout exceeded while awaiting headers)
2021-06-21T17:34:23.911Z [jfrou] [INFO ] [5732061349b7896b] [join_executor.go:165          ] [main                ] - Cluster join: Retry 15: Service registry ping failed, will retry. Error: Get "http://localhost:8040/access/api/v1/system/ping": context deadline exceeded
2021-06-21T17:34:23.923Z [jfrou] [FATAL] [5732061349b7896b] [bootstrap.go:105              ] [main                ] - Could not join access, err: cluster join: Service registry ping failed; context deadline exceeded. last error: Get "http://localhost:8040/access/api/v1/system/ping": net/http: request canceled (Client.Timeout exceeded while awaiting headers)
2021-06-21T18:06:21.716Z [jfrou] [INFO ] [8c6f69702244a52 ] [bootstrap.go:76               ] [main                ] - Router (jfrou) service initialization started. Version: 7.19.4-1 Revision: a650c79d3af810e94b7a9f7f2d843c669475b700 PID: 2957 Home: /opt/jfrog/artifactory
2021-06-21T18:06:21.720Z [jfrou] [INFO ] [8c6f69702244a52 ] [bootstrap.go:79               ] [main                ] - JFrog Router IP: 172.22.0.3
2021-06-21T18:06:21.727Z [jfrou] [INFO ] [8c6f69702244a52 ] [bootstrap.go:192              ] [main                ] - System configuration encryption report:
shared.newrelic.licenseKey: does not exist in the config file
shared.security.joinKeyFile: file '/opt/jfrog/artifactory/var/etc/security/join.key' - already encrypted
2021-06-21T18:06:21.732Z [jfrou] [INFO ] [8c6f69702244a52 ] [bootstrap.go:84               ] [main                ] - JFrog Router Service ID: jfrou@01f7bx1pe9qecxd1dj698wp1v5
2021-06-21T18:06:21.732Z [jfrou] [INFO ] [8c6f69702244a52 ] [bootstrap.go:85               ] [main                ] - JFrog Router Node ID: 888871dcba8b
2021-06-21T18:06:21.846Z [jfrou] [INFO ] [8c6f69702244a52 ] [http_client_holder.go:155     ] [main                ] - System cert pool contents were loaded as trusted CAs for TLS communication
2021-06-21T18:06:21.848Z [jfrou] [INFO ] [8c6f69702244a52 ] [http_client_holder.go:175     ] [main                ] - Following certificates were successfully loaded as trusted CAs for TLS communication:
[/opt/jfrog/artifactory/var/data/router/keys/trusted/access-root-ca.crt]
2021-06-21T18:06:23.721Z [jfrou] [INFO ] [8c6f69702244a52 ] [config_holder.go:107          ] [main                ] - Configuration update detected
2021-06-21T18:06:26.122Z [jfrou] [INFO ] [8c6f69702244a52 ] [join_executor.go:165          ] [main                ] - Cluster join: Retry 5: Service registry ping failed, will retry. Error: Get "http://localhost:8040/access/api/v1/system/ping": dial tcp 127.0.0.1:8040: connect: connection refused
2021-06-21T18:07:16.147Z [jfrou] [INFO ] [8c6f69702244a52 ] [join_executor.go:165          ] [main                ] - Cluster join: Retry 10: Service registry ping failed, will retry. Error: Get "http://localhost:8040/access/api/v1/system/ping": net/http: request canceled (Client.Timeout exceeded while awaiting headers)
2021-06-21T18:07:54.367Z [jfrou] [INFO ] [8c6f69702244a52 ] [join_executor.go:116          ] [main                ] - Cluster join: Trying to rejoin the cluster
2021-06-21T18:07:57.638Z [jfrou] [INFO ] [8c6f69702244a52 ] [join_executor.go:205          ] [main                ] - Cluster join: Successfully joined the cluster
2021-06-21T18:07:57.666Z [jfrou] [INFO ] [8c6f69702244a52 ] [http_client_holder.go:155     ] [main                ] - System cert pool contents were loaded as trusted CAs for TLS communication
2021-06-21T18:07:57.679Z [jfrou] [INFO ] [8c6f69702244a52 ] [http_client_holder.go:175     ] [main                ] - Following certificates were successfully loaded as trusted CAs for TLS communication:
[/opt/jfrog/artifactory/var/data/router/keys/trusted/access-root-ca.crt]
2021-06-21T18:07:57.771Z [jfrou] [INFO ] [8c6f69702244a52 ] [main.go:47                    ] [main                ] - Router (jfrou) service initialization completed in 96.077 seconds. Listening on port: 8082
2021-06-21T18:08:32.796Z [jfrou] [INFO ] [241f800d2eaf4b3f] [local_topology.go:258         ] [main                ] - 
################################################################
###   All services started successfully in 131.102 seconds   ###
################################################################
2021-06-23T17:50:32.080Z [jfrou] [ERROR] [742ad34296fb55f9] [external_topology.go:82       ] [main                ] - Failed fetching external topology from Access: Get "http://localhost:8040/access/api/v1/topology": context deadline exceeded (Client.Timeout exceeded while awaiting headers)
2021-06-23T18:01:26.035Z [jfrou] [INFO ] [2d856897a749f5cc] [bootstrap.go:76               ] [main                ] - Router (jfrou) service initialization started. Version: 7.19.4-1 Revision: a650c79d3af810e94b7a9f7f2d843c669475b700 PID: 3017 Home: /opt/jfrog/artifactory
2021-06-23T18:01:26.050Z [jfrou] [INFO ] [2d856897a749f5cc] [bootstrap.go:79               ] [main                ] - JFrog Router IP: 172.20.0.3
2021-06-23T18:01:26.066Z [jfrou] [INFO ] [2d856897a749f5cc] [bootstrap.go:192              ] [main                ] - System configuration encryption report:
shared.newrelic.licenseKey: does not exist in the config file
shared.security.joinKeyFile: file '/opt/jfrog/artifactory/var/etc/security/join.key' - already encrypted
2021-06-23T18:01:26.068Z [jfrou] [INFO ] [2d856897a749f5cc] [bootstrap.go:84               ] [main                ] - JFrog Router Service ID: jfrou@01f7bx1pe9qecxd1dj698wp1v5
2021-06-23T18:01:26.068Z [jfrou] [INFO ] [2d856897a749f5cc] [bootstrap.go:85               ] [main                ] - JFrog Router Node ID: 7cd077b43994
2021-06-23T18:01:26.165Z [jfrou] [INFO ] [2d856897a749f5cc] [http_client_holder.go:155     ] [main                ] - System cert pool contents were loaded as trusted CAs for TLS communication
2021-06-23T18:01:26.185Z [jfrou] [INFO ] [2d856897a749f5cc] [http_client_holder.go:175     ] [main                ] - Following certificates were successfully loaded as trusted CAs for TLS communication:
[/opt/jfrog/artifactory/var/data/router/keys/trusted/access-root-ca.crt]
2021-06-23T18:01:28.035Z [jfrou] [INFO ] [2d856897a749f5cc] [config_holder.go:107          ] [main                ] - Configuration update detected
2021-06-23T18:01:31.665Z [jfrou] [INFO ] [2d856897a749f5cc] [join_executor.go:165          ] [main                ] - Cluster join: Retry 5: Service registry ping failed, will retry. Error: Get "http://localhost:8040/access/api/v1/system/ping": dial tcp 127.0.0.1:8040: connect: connection refused
2021-06-23T18:02:36.689Z [jfrou] [INFO ] [2d856897a749f5cc] [join_executor.go:165          ] [main                ] - Cluster join: Retry 10: Service registry ping failed, will retry. Error: Get "http://localhost:8040/access/api/v1/system/ping": net/http: request canceled (Client.Timeout exceeded while awaiting headers)
2021-06-23T18:02:55.061Z [jfrou] [INFO ] [2d856897a749f5cc] [join_executor.go:116          ] [main                ] - Cluster join: Trying to rejoin the cluster
2021-06-23T18:03:00.776Z [jfrou] [INFO ] [2d856897a749f5cc] [join_executor.go:205          ] [main                ] - Cluster join: Successfully joined the cluster
2021-06-23T18:03:00.797Z [jfrou] [INFO ] [2d856897a749f5cc] [http_client_holder.go:155     ] [main                ] - System cert pool contents were loaded as trusted CAs for TLS communication
2021-06-23T18:03:00.820Z [jfrou] [INFO ] [2d856897a749f5cc] [http_client_holder.go:175     ] [main                ] - Following certificates were successfully loaded as trusted CAs for TLS communication:
[/opt/jfrog/artifactory/var/data/router/keys/trusted/access-root-ca.crt]
2021-06-23T18:03:01.042Z [jfrou] [INFO ] [2d856897a749f5cc] [main.go:47                    ] [main                ] - Router (jfrou) service initialization completed in 95.017 seconds. Listening on port: 8082
2021-06-23T18:03:16.044Z [jfrou] [ERROR] [6a2e81787b999075] [local_topology.go:123         ] [main                ] - periodic send heartbeat failed for 4 consecutive times. Last error: failed sending heartbeat information to Access: failed closing Access grpc client: rpc error: code = Unimplemented desc = Not Found: HTTP status code 404; transport: received the unexpected content-type "text/plain; charset=utf-8"
2021-06-23T18:03:21.244Z [jfrou] [INFO ] [2855aa1206d20a63] [local_topology.go:136         ] [main                ] - Periodic send heartbeat succeeded after 4 consecutive failures.
2021-06-23T18:03:41.093Z [jfrou] [INFO ] [69e8d9b4f8d28b  ] [local_topology.go:258         ] [main                ] - 
################################################################
###   All services started successfully in 135.067 seconds   ###
################################################################
2021-06-28T06:48:52.895Z [jfrou] [ERROR] [10d112275cc6e4b5] [external_topology.go:82       ] [main                ] - Failed fetching external topology from Access: Get "http://localhost:8040/access/api/v1/topology": read tcp 127.0.0.1:41114->127.0.0.1:8040: read: connection reset by peer
2021-06-28T06:48:54.023Z [jfrou] [ERROR] [6a8cdeb08114f51f] [external_topology.go:82       ] [main                ] - Failed fetching external topology from Access: Get "http://localhost:8040/access/api/v1/topology": dial tcp 127.0.0.1:8040: connect: connection refused
2021-06-28T06:48:57.028Z [jfrou] [ERROR] [2f5fc757ec80d3b3] [external_topology.go:82       ] [main                ] - Failed fetching external topology from Access: Get "http://localhost:8040/access/api/v1/topology": dial tcp 127.0.0.1:8040: connect: connection refused
2021-06-28T06:48:57.418Z [jfrou] [INFO ] [2d856897a749f5cc] [application.go:69             ] [main                ] - Received OS signal: terminated
2021-06-28T06:48:57.418Z [jfrou] [INFO ] [2d856897a749f5cc] [main.go:52                    ] [main                ] - Shutting down
2021-06-28T06:48:57.457Z [jfrou] [ERROR] [d33da56c123712f ] [local_topology.go:293         ] [main                ] - Could not perform shutdown heartbeat: context canceled. last error: failed sending heartbeat information to Access: failed closing Access grpc client: rpc error: code = Unimplemented desc = Not Found: HTTP status code 404; transport: received the unexpected content-type "text/plain; charset=utf-8"
