2021-06-18T05:57:41.034Z [jfrt ] [INFO ] [                ] [ectedEntitiesStreamObserver:35] [Stream_1623401176577] - publishing full invalidation and attempting to resubscribe to affected permissions changes
2021-06-18T05:57:41.020Z [jfrt ] [INFO ] [                ] [ffectedConfigStreamObserver:32] [Stream_1623401174212] - publishing full invalidation and attempting to resubscribe to affected configuration changes
2021-06-18T05:57:41.024Z [jfrt ] [INFO ] [                ] [ffectedConfigStreamObserver:32] [Stream_1623401176224] - publishing full invalidation and attempting to resubscribe to affected configuration changes
2021-06-18T05:57:41.082Z [jfrt ] [WARN ] [                ] [c.z.h.p.HikariPool:787        ] [iCP Main housekeeper] - HikariCP Main - Thread starvation or clock leap detected (housekeeper delta=52s613ms507µs356ns).
2021-06-18T05:57:41.083Z [jfrt ] [WARN ] [                ] [c.z.h.p.HikariPool:787        ] [P Unique housekeeper] - HikariCP Unique - Thread starvation or clock leap detected (housekeeper delta=52s727ms234µs614ns).
2021-06-18T05:57:41.276Z [jfrt ] [INFO ] [459447d633f83e73] [ifactoryApplicationContext:709] [art-exec-63         ] - Beginning full system export...
2021-06-18T05:57:41.276Z [jfrt ] [INFO ] [459447d633f83e73] [ifactoryApplicationContext:736] [art-exec-63         ] - Creating temp export directory: /opt/jfrog/artifactory/var/backup/artifactory/backup-daily/current
2021-06-18T05:57:41.277Z [jfrt ] [INFO ] [459447d633f83e73] [ifactoryApplicationContext:743] [art-exec-63         ] - Using backup directory: '/opt/jfrog/artifactory/var/backup/artifactory/backup-daily/current'.
2021-06-18T05:57:41.277Z [jfrt ] [INFO ] [459447d633f83e73] [c.CentralConfigServiceImpl:675] [art-exec-63         ] - Exporting config...
2021-06-18T05:57:41.282Z [jfrt ] [INFO ] [3f6a71c46ed2d41 ] [.s.d.b.s.BinaryServiceImpl:670] [art-exec-56         ] - Triggering Garbage Collection
2021-06-18T05:57:41.282Z [jfrt ] [INFO ] [3f6a71c46ed2d41 ] [.s.d.b.s.g.GarbageCollector:66] [art-exec-56         ] - Starting GC strategy 'TRASH_AND_BINARIES'
2021-06-18T05:57:41.419Z [jfrt ] [INFO ] [743dfeac53504a0f] [ualCacheCleanupServiceImpl:119] [art-exec-66         ] - Starting cleanup of virtual repositories cache
2021-06-18T05:57:41.484Z [jfrt ] [INFO ] [743dfeac53504a0f] [ualCacheCleanupServiceImpl:127] [art-exec-66         ] - Completed virtual repositories cleanup: removed 0 cached files.
2021-06-18T05:57:41.503Z [jfrt ] [INFO ] [3f6a71c46ed2d41 ] [.s.d.b.s.g.GarbageCollector:68] [art-exec-56         ] - Finished GC Strategy 'TRASH_AND_BINARIES'
2021-06-18T05:57:41.283Z [jfrt ] [INFO ] [a6ca5db4b043cd08] [tegrationCleanupServiceImpl:44] [art-exec-65         ] - cleaning jobs table
2021-06-18T05:57:41.728Z [jfrt ] [INFO ] [a6ca5db4b043cd08] [tegrationCleanupServiceImpl:48] [art-exec-65         ] - cleaned up 0 old job records
2021-06-18T05:57:44.883Z [jfrt ] [INFO ] [459447d633f83e73] [o.a.s.a.AccessServiceImpl:1432] [art-exec-63         ] - Exporting serviceId to file
2021-06-18T05:57:44.888Z [jfrt ] [INFO ] [459447d633f83e73] [o.a.s.a.AccessServiceImpl:1414] [art-exec-63         ] - Triggering export in access server...
2021-06-18T05:57:45.721Z [jfrt ] [INFO ] [459447d633f83e73] [ifactoryApplicationContext:937] [art-exec-63         ] - Note: the etc exported folder has excessive permissions. Be careful with the files.
2021-06-18T05:57:45.723Z [jfrt ] [INFO ] [459447d633f83e73] [a.s.u.SignedUrlServiceImpl:295] [art-exec-63         ] - Exporting URL signing key...
2021-06-18T05:57:45.730Z [jfrt ] [INFO ] [459447d633f83e73] [r.s.RepositoryServiceImpl:1084] [art-exec-63         ] - Exporting repositories...
2021-06-18T05:57:45.733Z [jfrt ] [INFO ] [459447d633f83e73] [a.r.d.i.DbRepoExportHandler:80] [art-exec-63         ] - artifactory-build-info export started with 1 nodes to: '/opt/jfrog/artifactory/var/backup/artifactory/backup-daily/current/repositories/artifactory-build-info'
2021-06-18T05:57:45.736Z [jfrt ] [INFO ] [459447d633f83e73] [a.r.d.i.DbRepoExportHandler:90] [art-exec-63         ] - artifactory-build-info export finished with: 1 Items exported (0 files and 1 folders), 0 Item skipped: (0 files and 0 folders).Duration: 3.89 millis IPS: 257.26 Target: '/opt/jfrog/artifactory/var/backup/artifactory/backup-daily/current/repositories/artifactory-build-info'
2021-06-18T05:57:45.739Z [jfrt ] [INFO ] [459447d633f83e73] [a.r.d.i.DbRepoExportHandler:80] [art-exec-63         ] - docker export started with 1 nodes to: '/opt/jfrog/artifactory/var/backup/artifactory/backup-daily/current/repositories/docker'
2021-06-18T05:57:45.747Z [jfrt ] [INFO ] [459447d633f83e73] [a.r.d.i.DbRepoExportHandler:90] [art-exec-63         ] - docker export finished with: 1 Items exported (0 files and 1 folders), 0 Item skipped: (0 files and 0 folders).Duration: 8.61 millis IPS: 116.13 Target: '/opt/jfrog/artifactory/var/backup/artifactory/backup-daily/current/repositories/docker'
2021-06-18T05:57:45.748Z [jfrt ] [INFO ] [459447d633f83e73] [a.r.d.i.DbRepoExportHandler:80] [art-exec-63         ] - example-repo-local export started with 1 nodes to: '/opt/jfrog/artifactory/var/backup/artifactory/backup-daily/current/repositories/example-repo-local'
2021-06-18T05:57:45.793Z [jfrt ] [INFO ] [459447d633f83e73] [a.r.d.i.DbRepoExportHandler:90] [art-exec-63         ] - example-repo-local export finished with: 1 Items exported (0 files and 1 folders), 0 Item skipped: (0 files and 0 folders).Duration: 45.52 millis IPS: 21.97 Target: '/opt/jfrog/artifactory/var/backup/artifactory/backup-daily/current/repositories/example-repo-local'
2021-06-18T05:57:45.797Z [jfrt ] [INFO ] [459447d633f83e73] [a.r.d.i.DbRepoExportHandler:80] [art-exec-63         ] - libs-release-local export started with 8 nodes to: '/opt/jfrog/artifactory/var/backup/artifactory/backup-daily/current/repositories/libs-release-local'
2021-06-18T05:57:45.865Z [jfrt ] [INFO ] [459447d633f83e73] [a.r.d.i.DbRepoExportHandler:90] [art-exec-63         ] - libs-release-local export finished with: 8 Items exported (3 files and 5 folders), 0 Item skipped: (0 files and 0 folders).Duration: 68.62 millis IPS: 116.58 Target: '/opt/jfrog/artifactory/var/backup/artifactory/backup-daily/current/repositories/libs-release-local'
2021-06-18T05:57:45.866Z [jfrt ] [INFO ] [459447d633f83e73] [a.r.d.i.DbRepoExportHandler:80] [art-exec-63         ] - libs-snapshot-local export started with 1 nodes to: '/opt/jfrog/artifactory/var/backup/artifactory/backup-daily/current/repositories/libs-snapshot-local'
2021-06-18T05:57:45.871Z [jfrt ] [INFO ] [459447d633f83e73] [a.r.d.i.DbRepoExportHandler:90] [art-exec-63         ] - libs-snapshot-local export finished with: 1 Items exported (0 files and 1 folders), 0 Item skipped: (0 files and 0 folders).Duration: 5.17 millis IPS: 193.36 Target: '/opt/jfrog/artifactory/var/backup/artifactory/backup-daily/current/repositories/libs-snapshot-local'
2021-06-18T05:57:45.872Z [jfrt ] [INFO ] [459447d633f83e73] [a.r.d.i.DbRepoExportHandler:80] [art-exec-63         ] - maven export started with 1 nodes to: '/opt/jfrog/artifactory/var/backup/artifactory/backup-daily/current/repositories/maven'
2021-06-18T05:57:45.879Z [jfrt ] [INFO ] [459447d633f83e73] [a.r.d.i.DbRepoExportHandler:90] [art-exec-63         ] - maven export finished with: 1 Items exported (0 files and 1 folders), 0 Item skipped: (0 files and 0 folders).Duration: 6.51 millis IPS: 153.71 Target: '/opt/jfrog/artifactory/var/backup/artifactory/backup-daily/current/repositories/maven'
2021-06-18T05:57:45.887Z [jfrt ] [INFO ] [459447d633f83e73] [ifactoryApplicationContext:839] [art-exec-63         ] - Full system export completed successfully.
2021-06-18T06:46:15.886Z [jfrt ] [INFO ] [2bcc42b49b5b1ada] [aseBundleCleanupServiceImpl:84] [art-exec-66         ] - Starting to cleanup incomplete Release Bundles
2021-06-18T06:46:15.886Z [jfrt ] [INFO ] [2bcc42b49b5b1ada] [aseBundleCleanupServiceImpl:90] [art-exec-66         ] - Finished incomplete Release Bundles cleanup
2021-06-18T07:46:15.886Z [jfrt ] [INFO ] [85547c5a223193f8] [aseBundleCleanupServiceImpl:84] [art-exec-64         ] - Starting to cleanup incomplete Release Bundles
2021-06-18T07:46:15.886Z [jfrt ] [INFO ] [85547c5a223193f8] [aseBundleCleanupServiceImpl:90] [art-exec-64         ] - Finished incomplete Release Bundles cleanup
2021-06-18T08:00:00.000Z [jfrt ] [INFO ] [8de8bdfb28226011] [.s.d.b.s.BinaryServiceImpl:670] [art-exec-67         ] - Triggering Garbage Collection
2021-06-18T08:00:00.001Z [jfrt ] [INFO ] [8de8bdfb28226011] [.s.d.b.s.g.GarbageCollector:66] [art-exec-67         ] - Starting GC strategy 'TRASH_AND_BINARIES'
2021-06-18T08:00:00.002Z [jfrt ] [INFO ] [8de8bdfb28226011] [.s.d.b.s.g.GarbageCollector:68] [art-exec-67         ] - Finished GC Strategy 'TRASH_AND_BINARIES'
2021-06-18T08:46:15.887Z [jfrt ] [INFO ] [1a195033a39fea4a] [aseBundleCleanupServiceImpl:84] [art-exec-61         ] - Starting to cleanup incomplete Release Bundles
2021-06-18T08:46:15.888Z [jfrt ] [INFO ] [1a195033a39fea4a] [aseBundleCleanupServiceImpl:90] [art-exec-61         ] - Finished incomplete Release Bundles cleanup
2021-06-18T08:46:16.318Z [jfrt ] [INFO ] [e48e38f5bb9a26c9] [adsFolderCleanupServiceImpl:52] [art-exec-58         ] - Starting docker temp folder cleanup
2021-06-18T08:46:16.320Z [jfrt ] [INFO ] [e48e38f5bb9a26c9] [adsFolderCleanupServiceImpl:54] [art-exec-58         ] - Docker temp folder cleanup finished, time took: 2 millis
2021-06-18T09:46:15.887Z [jfrt ] [INFO ] [ca032a89574ce30e] [aseBundleCleanupServiceImpl:84] [art-exec-69         ] - Starting to cleanup incomplete Release Bundles
2021-06-18T09:46:15.890Z [jfrt ] [INFO ] [ca032a89574ce30e] [aseBundleCleanupServiceImpl:90] [art-exec-69         ] - Finished incomplete Release Bundles cleanup
2021-06-18T09:46:46.603Z [jfrt ] [INFO ] [984cf934baac2fa8] [a.e.EventsLogCleanUpService:69] [art-exec-63         ] - Starting cleanup of old events from event log
2021-06-18T09:46:46.606Z [jfrt ] [INFO ] [984cf934baac2fa8] [.e.EventsLogCleanUpService:105] [art-exec-63         ] - Cleanup of old events from event log finished
2021-06-18T10:46:15.886Z [jfrt ] [INFO ] [8943f07dce45571 ] [aseBundleCleanupServiceImpl:84] [art-exec-65         ] - Starting to cleanup incomplete Release Bundles
2021-06-18T10:46:15.888Z [jfrt ] [INFO ] [8943f07dce45571 ] [aseBundleCleanupServiceImpl:90] [art-exec-65         ] - Finished incomplete Release Bundles cleanup
2021-06-18T11:46:15.886Z [jfrt ] [INFO ] [2fc11881d553a1f1] [aseBundleCleanupServiceImpl:84] [art-exec-64         ] - Starting to cleanup incomplete Release Bundles
2021-06-18T11:46:15.887Z [jfrt ] [INFO ] [2fc11881d553a1f1] [aseBundleCleanupServiceImpl:90] [art-exec-64         ] - Finished incomplete Release Bundles cleanup
2021-06-18T12:00:00.002Z [jfrt ] [INFO ] [ceeab0d2b30254f ] [.s.d.b.s.BinaryServiceImpl:670] [art-exec-63         ] - Triggering Garbage Collection
2021-06-18T12:00:00.002Z [jfrt ] [INFO ] [ceeab0d2b30254f ] [.s.d.b.s.g.GarbageCollector:66] [art-exec-63         ] - Starting GC strategy 'TRASH_AND_BINARIES'
2021-06-18T12:00:00.003Z [jfrt ] [INFO ] [ceeab0d2b30254f ] [.s.d.b.s.g.GarbageCollector:68] [art-exec-63         ] - Finished GC Strategy 'TRASH_AND_BINARIES'
2021-06-18T12:46:15.886Z [jfrt ] [INFO ] [1e22bc353bdd370d] [aseBundleCleanupServiceImpl:84] [art-exec-67         ] - Starting to cleanup incomplete Release Bundles
2021-06-18T12:46:15.887Z [jfrt ] [INFO ] [1e22bc353bdd370d] [aseBundleCleanupServiceImpl:90] [art-exec-67         ] - Finished incomplete Release Bundles cleanup
2021-06-18T13:46:15.886Z [jfrt ] [INFO ] [3efca09d5f2308  ] [aseBundleCleanupServiceImpl:84] [art-exec-61         ] - Starting to cleanup incomplete Release Bundles
2021-06-18T13:46:15.887Z [jfrt ] [INFO ] [3efca09d5f2308  ] [aseBundleCleanupServiceImpl:90] [art-exec-61         ] - Finished incomplete Release Bundles cleanup
2021-06-18T13:48:43.158Z [jfrt ] [INFO ] [                ] [.j.a.c.g.GrpcStreamObserver:76] [efault-executor-4675] - affected permissions stream stopped gracefully - immediate cache invalidation will not work without restart
2021-06-18T13:48:44.742Z [jfrt ] [INFO ] [                ] [.j.a.c.g.GrpcStreamObserver:76] [efault-executor-4675] - affected platform config stream stopped gracefully - immediate cache invalidation will not work without restart
2021-06-18T13:48:44.839Z [jfrt ] [INFO ] [                ] [.j.a.c.g.GrpcStreamObserver:76] [efault-executor-4675] - affected platform config stream stopped gracefully - immediate cache invalidation will not work without restart
2021-06-18T13:48:46.225Z [jfrt ] [INFO ] [                ] [ffectedConfigStreamObserver:32] [Stream_1623401176224] - publishing full invalidation and attempting to resubscribe to affected configuration changes
2021-06-18T13:48:46.578Z [jfrt ] [INFO ] [                ] [ectedEntitiesStreamObserver:35] [Stream_1623401176577] - publishing full invalidation and attempting to resubscribe to affected permissions changes
2021-06-18T13:48:49.226Z [jfrt ] [INFO ] [                ] [ffectedConfigStreamObserver:32] [Stream_1623401174212] - publishing full invalidation and attempting to resubscribe to affected configuration changes
2021-06-18T14:46:15.886Z [jfrt ] [INFO ] [980f94e5d8533f23] [aseBundleCleanupServiceImpl:84] [art-exec-64         ] - Starting to cleanup incomplete Release Bundles
2021-06-18T14:46:15.887Z [jfrt ] [INFO ] [980f94e5d8533f23] [aseBundleCleanupServiceImpl:90] [art-exec-64         ] - Finished incomplete Release Bundles cleanup
2021-06-18T15:46:15.887Z [jfrt ] [INFO ] [9c9174f6b7d21d2e] [aseBundleCleanupServiceImpl:84] [art-exec-60         ] - Starting to cleanup incomplete Release Bundles
2021-06-18T15:46:15.892Z [jfrt ] [INFO ] [9c9174f6b7d21d2e] [aseBundleCleanupServiceImpl:90] [art-exec-60         ] - Finished incomplete Release Bundles cleanup
2021-06-18T16:00:00.029Z [jfrt ] [INFO ] [a36ab5ae1b66c0f4] [.s.d.b.s.BinaryServiceImpl:670] [art-exec-64         ] - Triggering Garbage Collection
2021-06-18T16:00:00.031Z [jfrt ] [INFO ] [a36ab5ae1b66c0f4] [.s.d.b.s.g.GarbageCollector:66] [art-exec-64         ] - Starting GC strategy 'TRASH_AND_BINARIES'
2021-06-18T16:00:00.032Z [jfrt ] [INFO ] [a36ab5ae1b66c0f4] [.s.d.b.s.g.GarbageCollector:68] [art-exec-64         ] - Finished GC Strategy 'TRASH_AND_BINARIES'
2021-06-18T16:46:15.887Z [jfrt ] [INFO ] [7ae12b55da74dd80] [aseBundleCleanupServiceImpl:84] [art-exec-60         ] - Starting to cleanup incomplete Release Bundles
2021-06-18T16:46:15.888Z [jfrt ] [INFO ] [7ae12b55da74dd80] [aseBundleCleanupServiceImpl:90] [art-exec-60         ] - Finished incomplete Release Bundles cleanup
2021-06-18T17:15:37.361Z [jfrt ] [INFO ] [                ] [ifactoryApplicationContext:560] [ocalhost-startStop-4] - Artifactory application context set to NOT READY by destroy
2021-06-18T17:15:37.579Z [jfrt ] [INFO ] [                ] [o.j.c.w.FileWatcher:218       ] [Thread-7            ] - Watch service ended on destroy
2021-06-18T17:15:37.581Z [jfrt ] [INFO ] [                ] [o.j.c.w.FileWatcher:225       ] [Thread-7            ] - End watch of folder configurations
2021-06-18T17:15:38.298Z [jfrt ] [INFO ] [                ] [ifactoryApplicationContext:377] [ocalhost-startStop-4] - Destroying 72 Artifactory Spring Beans
2021-06-18T17:15:38.543Z [jfrt ] [INFO ] [                ] [askServiceDescriptorHandler:44] [ocalhost-startStop-4] - Removing all job Garbage Collector from task service handler.
2021-06-18T17:15:38.654Z [jfrt ] [INFO ] [                ] [.w.NodeEventTaskManagerImpl:59] [ocalhost-startStop-4] - Removing dispatcher thread for operator 'metadata-operator-events'
2021-06-18T17:15:38.890Z [jfrt ] [INFO ] [                ] [o.a.m.f.MetricsServiceImpl:260] [ocalhost-startStop-4] - Stopped metric service.
2021-06-18T17:15:38.906Z [jfrt ] [INFO ] [                ] [askServiceDescriptorHandler:44] [ocalhost-startStop-4] - Removing all job Replication from task service handler.
2021-06-18T17:15:38.998Z [jfrt ] [INFO ] [                ] [askServiceDescriptorHandler:44] [ocalhost-startStop-4] - Removing all job Artifact Cleanup from task service handler.
2021-06-18T17:15:39.129Z [jfrt ] [INFO ] [                ] [askServiceDescriptorHandler:44] [ocalhost-startStop-4] - Removing all job Backup from task service handler.
2021-06-18T17:15:39.367Z [jfrt ] [INFO ] [                ] [askServiceDescriptorHandler:44] [ocalhost-startStop-4] - Removing all job Indexer from task service handler.
2021-06-18T17:15:39.399Z [jfrt ] [INFO ] [                ] [.j.a.c.g.GrpcStreamObserver:76] [efault-executor-4798] - affected platform config stream stopped gracefully - immediate cache invalidation will not work without restart
2021-06-18T17:15:39.400Z [jfrt ] [INFO ] [                ] [.j.a.c.g.GrpcStreamObserver:76] [efault-executor-4784] - affected platform config stream stopped gracefully - immediate cache invalidation will not work without restart
2021-06-18T17:15:39.453Z [jfrt ] [INFO ] [                ] [.j.a.c.g.GrpcStreamObserver:76] [efault-executor-4798] - affected permissions stream stopped gracefully - immediate cache invalidation will not work without restart
2021-06-18T17:15:39.454Z [jfrt ] [INFO ] [                ] [.j.a.c.g.GrpcStreamObserver:76] [efault-executor-4784] - affected projects stream stopped gracefully - immediate cache invalidation will not work without restart
2021-06-18T17:15:40.114Z [jfrt ] [INFO ] [                ] [actorySchedulerFactoryBean:845] [ocalhost-startStop-4] - Shutting down Quartz Scheduler
2021-06-18T17:15:40.323Z [jfrt ] [INFO ] [                ] [a.e.ShiftEventsServiceImpl:143] [ocalhost-startStop-4] - Shutdown terminated: true
2021-06-18T17:15:40.375Z [jfrt ] [WARN ] [                ] [c.z.h.u.DriverDataSource:70   ] [ocalhost-startStop-4] - Registered driver with driverClassName=org.apache.derby.jdbc.EmbeddedDriver was not found, trying direct instantiation.
2021-06-18T17:55:35.189Z [jfrt ] [INFO ] [2ea3842d081d0662] [o.a.c.h.HaNodeProperties:65   ] [ocalhost-startStop-2] - Artifactory is running in non-clustered mode.
2021-06-18T17:55:35.497Z [jfrt ] [INFO ] [2ea3842d081d0662] [tifactoryHomeConfigListener:85] [ocalhost-startStop-2] - Resolved Home: '/opt/jfrog/artifactory
2021-06-18T17:55:38.634Z [jfrt ] [INFO ] [                ] [o.j.c.w.FileWatcher:147       ] [Thread-6            ] - Starting watch of folder configurations
2021-06-18T17:55:38.880Z [jfrt ] [WARN ] [2ea3842d081d0662] [c.z.h.u.DriverDataSource:70   ] [ocalhost-startStop-2] - Registered driver with driverClassName=org.apache.derby.jdbc.EmbeddedDriver was not found, trying direct instantiation.
2021-06-18T17:55:49.272Z [jfrt ] [INFO ] [2ea3842d081d0662] [.BasicConfigurationManager:186] [ocalhost-startStop-2] - Artifactory (jfrt) service initialization started. Version: 7.19.4 Revision: 71904900 PID: 3358 Home: /opt/jfrog/artifactory
2021-06-18T17:55:50.698Z [jfrt ] [INFO ] [2ea3842d081d0662] [d.c.m.ConverterManagerImpl:212] [ocalhost-startStop-2] - Triggering PRE_INIT conversion, from 7.19.4 to 7.19.4
2021-06-18T17:55:50.700Z [jfrt ] [INFO ] [2ea3842d081d0662] [d.c.m.ConverterManagerImpl:215] [ocalhost-startStop-2] - Finished PRE_INIT conversion, current version is: 7.19.4
2021-06-18T17:55:50.701Z [jfrt ] [INFO ] [2ea3842d081d0662] [d.i.DbInitializationManager:49] [ocalhost-startStop-2] - Initializing DB Schema initialization manager
2021-06-18T17:55:50.731Z [jfrt ] [INFO ] [2ea3842d081d0662] [.i.DbInitializationManager:177] [ocalhost-startStop-2] - Database: Apache Derby 10.14.2.0 - (1828579). Driver: Apache Derby Embedded JDBC Driver 10.14.2.0 - (1828579) Pool: derby
2021-06-18T17:55:53.024Z [jfrt ] [INFO ] [2ea3842d081d0662] [d.i.DbInitializationManager:53] [ocalhost-startStop-2] - DB Schema initialization manager initialized
2021-06-18T17:55:53.063Z [jfrt ] [INFO ] [2ea3842d081d0662] [SchemaInitializationManager:48] [ocalhost-startStop-2] - Initializing Post-DB initialization manager
2021-06-18T17:55:53.472Z [jfrt ] [INFO ] [2ea3842d081d0662] [.c.ConfigurationManagerImpl:97] [ocalhost-startStop-2] - Starting file sync
2021-06-18T17:55:53.723Z [jfrt ] [INFO ] [2ea3842d081d0662] [o.j.c.ConfigWrapperImpl:342   ] [ocalhost-startStop-2] - [Node ID: 1406f5853211]  detected local  modify for config 'artifactory/config/binarystore.xml'
2021-06-18T17:55:54.281Z [jfrt ] [INFO ] [2ea3842d081d0662] [o.j.c.ConfigWrapperImpl:342   ] [ocalhost-startStop-2] - [Node ID: 1406f5853211]  detected local  modify for config 'artifactory/config/security/access/access.admin.token'
2021-06-18T17:55:54.435Z [jfrt ] [INFO ] [2ea3842d081d0662] [o.j.c.ConfigWrapperImpl:342   ] [ocalhost-startStop-2] - [Node ID: 1406f5853211]  detected local  modify for config 'artifactory/config/artifactory.system.properties'
2021-06-18T17:55:54.469Z [jfrt ] [INFO ] [2ea3842d081d0662] [o.j.c.ConfigWrapperImpl:342   ] [ocalhost-startStop-2] - [Node ID: 1406f5853211]  detected local  modify for config 'artifactory/config/artifactory.lic'
2021-06-18T17:55:54.560Z [jfrt ] [INFO ] [2ea3842d081d0662] [o.j.c.ConfigWrapperImpl:342   ] [ocalhost-startStop-2] - [Node ID: 1406f5853211]  detected local  modify for config 'artifactory/config/mimetypes.xml'
2021-06-18T17:55:54.899Z [jfrt ] [INFO ] [2ea3842d081d0662] [SchemaInitializationManager:51] [ocalhost-startStop-2] - Post-DB initialization manager initialized
2021-06-18T17:55:58.215Z [jfrt ] [INFO ] [1e1ad57a539d955e] [ctoryContextConfigListener:330] [art-init            ] - 
                _   _  __           _                      ____   _____ _____
     /\        | | (_)/ _|         | |                    / __ \ / ____/ ____|
    /  \   _ __| |_ _| |_ __ _  ___| |_ ___  _ __ _   _  | |  | | (___| (___
   / /\ \ | '__| __| |  _/ _` |/ __| __/ _ \| '__| | | | | |  | |\___ \\___ \
  / ____ \| |  | |_| | || (_| | (__| || (_) | |  | |_| | | |__| |____) |___) |
 /_/    \_\_|   \__|_|_| \__,_|\___|\__\___/|_|   \__, |  \____/|_____/_____/
 Version:  7.19.4                                  __/ |
 Revision: 71904900                               |___/
 Artifactory Home: '/opt/jfrog/artifactory'
 Node ID: '1406f5853211'

2021-06-18T17:55:58.282Z [jfrt ] [WARN ] [1e1ad57a539d955e] [o.a.f.l.ArtifactoryLockFile:65] [art-init            ] - Found existing lock file. Artifactory was not shutdown properly. [/opt/jfrog/artifactory/var/data/artifactory/.lock]
2021-06-18T17:55:59.171Z [jfrt ] [INFO ] [1e1ad57a539d955e] [ifactoryApplicationContext:560] [art-init            ] - Artifactory application context set to NOT READY by refresh
2021-06-18T17:56:41.264Z [jfrt ] [WARN ] [1e1ad57a539d955e] [c.z.h.u.DriverDataSource:70   ] [art-init            ] - Registered driver with driverClassName=org.apache.derby.jdbc.EmbeddedDriver was not found, trying direct instantiation.
2021-06-18T17:56:41.470Z [jfrt ] [INFO ] [1e1ad57a539d955e] [o.a.s.d.v.DerbyValidator:26   ] [art-init            ] - Validating connection collation for derby database
2021-06-18T17:56:47.316Z [jfrt ] [INFO ] [1e1ad57a539d955e] [ritiesStorageServiceFactory:25] [art-init            ] - Initializing DB-based Priorities Storage Service
2021-06-18T17:56:54.885Z [jfrt ] [INFO ] [1e1ad57a539d955e] [actorySchedulerFactoryBean:727] [art-init            ] - Starting Quartz Scheduler now
2021-06-18T17:56:55.108Z [jfrt ] [INFO ] [1e1ad57a539d955e] [ifactoryApplicationContext:281] [art-init            ] - Artifactory context starting up 49 Spring Beans...
2021-06-18T17:56:58.211Z [jfrt ] [INFO ] [1e1ad57a539d955e] [o.a.i.InfoWriter:54           ] [art-init            ] - 

 SYSTEM INFORMATION DUMP
 =======================

 System Info
 ========================
   java.library.path                                                     | /usr/java/packages/lib:/usr/lib64:/lib64:/lib:/usr/lib
   java.class.path                                                       | /opt/jfrog/artifactory/app/artifactory/tomcat/bin/bootstrap.jar
                                                                         | /opt/jfrog/artifactory/app/artifactory/tomcat/bin/tomcat-juli.jar

 Java System Info
 ========================
   java.class.version                                                    | 55.0
   java.home                                                             | /opt/jfrog/artifactory/app/third-party/java
   java.io.tmpdir                                                        | /opt/jfrog/artifactory/var/work/artifactory/tomcat/temp
   java.runtime.name                                                     | OpenJDK Runtime Environment
   java.runtime.version                                                  | 11.0.10+9
   java.specification.name                                               | Java Platform API Specification
   java.specification.vendor                                             | Oracle Corporation
   java.specification.version                                            | 11
   java.vendor                                                           | AdoptOpenJDK
   java.vendor.url                                                       | https://adoptopenjdk.net/
   java.vendor.url.bug                                                   | https://github.com/AdoptOpenJDK/openjdk-support/issues
   java.version                                                          | 11.0.10
   java.vm.info                                                          | mixed mode
   java.vm.name                                                          | OpenJDK 64-Bit Server VM
   java.vm.specification.name                                            | Java Virtual Machine Specification
   java.vm.specification.vendor                                          | Oracle Corporation
   java.vm.specification.version                                         | 11
   java.vm.vendor                                                        | AdoptOpenJDK
   java.vm.version                                                       | 11.0.10+9
   sun.arch.data.model                                                   | 64
   sun.boot.library.path                                                 | /opt/jfrog/artifactory/app/third-party/java/lib
   sun.cpu.endian                                                        | little
   sun.cpu.isalist                                                       | 
   sun.io.unicode.encoding                                               | UnicodeLittle
   sun.java.launcher                                                     | SUN_STANDARD
   sun.jnu.encoding                                                      | UTF-8
   sun.management.compiler                                               | HotSpot 64-Bit Tiered Compilers
   sun.os.patch.level                                                    | unknown
   JVM Input arguments                                                   | --add-opens=java.base/java.lang=ALL-UNNAMED
                                                                         | --add-opens=java.base/java.io=ALL-UNNAMED
                                                                         | --add-opens=java.base/java.util=ALL-UNNAMED
                                                                         | --add-opens=java.base/java.util.concurrent=ALL-UNNAMED
                                                                         | --add-opens=java.rmi/sun.rmi.transport=ALL-UNNAMED
                                                                         | -Djava.util.logging.config.file=/opt/jfrog/artifactory/app/artifactory/tomcat/conf/logging.properties
                                                                         | -Djava.util.logging.manager=org.apache.juli.ClassLoaderLogManager
                                                                         | -Djdk.tls.ephemeralDHKeySize=****
                                                                         | -Djava.protocol.handler.pkgs=org.apache.catalina.webresources
                                                                         | -Dorg.apache.catalina.security.SecurityListener.UMASK=0027
                                                                         | -Xms512m
                                                                         | -Xmx2g
                                                                         | -XX:+UseG1GC
                                                                         | -XX:OnOutOfMemoryError=kill -9 %p
                                                                         | --add-opens=java.base/java.util=ALL-UNNAMED
                                                                         | --add-opens=java.base/java.lang.reflect=ALL-UNNAMED
                                                                         | --add-opens=java.base/java.lang.invoke=ALL-UNNAMED
                                                                         | --add-opens=java.base/java.text=ALL-UNNAMED
                                                                         | --add-opens=java.base/java.nio=ALL-UNNAMED
                                                                         | --add-opens=java.desktop/java.awt.font=ALL-UNNAMED
                                                                         | -Dfile.encoding=UTF8
                                                                         | -Djruby.compile.invokedynamic=false
                                                                         | -Djruby.bytecode.version=1.8
                                                                         | -Dorg.apache.tomcat.util.buf.UDecoder.ALLOW_ENCODED_SLASH=true
                                                                         | -Djava.security.egd=file:/dev/./urandom
                                                                         | -Dartdist=docker
                                                                         | -Djf.product.home=/opt/jfrog/artifactory
                                                                         | -Djruby.bytecode.version=1.8
                                                                         | -Dignore.endorsed.dirs=
                                                                         | -Dcatalina.base=/opt/jfrog/artifactory/app/artifactory/tomcat
                                                                         | -Dcatalina.home=/opt/jfrog/artifactory/app/artifactory/tomcat
                                                                         | -Djava.io.tmpdir=/opt/jfrog/artifactory/var/work/artifactory/tomcat/temp

 User Info
 ========================
   user.dir                                                              | /var/opt/jfrog/artifactory
   user.home                                                             | /home/artifactory
   user.language                                                         | en
   user.name                                                             | artifactory
   user.timezone                                                         | GMT

 Host Info
 ========================
   Available Processors                                                  | 3
   Heap Memory Usage-Commited                                            | 601882624
   Heap Memory Usage-Init                                                | 536870912
   Heap Memory Usage-Max                                                 | 2147483648
   Heap Memory Usage-Used                                                | 371021824
   Non-Heap Memory Usage-Commited                                        | 214315008
   Non-Heap Memory Usage-Init                                            | 7667712
   Non-Heap Memory Usage-Max                                             | -1
   Non-Heap Memory Usage-Used                                            | 205553992
   os.arch                                                               | amd64
   os.name                                                               | Linux
   os.version                                                            | 4.15.0-128-generic

 Artifactory Info
 ========================
   artifactory.runMode.test                                              | false
   artifactory.runMode.qa                                                | false
   artifactory.runMode.dev                                               | false
   artifactory.runMode.devHa                                             | false
   artifactory.version                                                   | 7.19.4
   artifactory.revision                                                  | 71904900
   artifactory.buildNumber                                               | LOCAL
   artifactory.timestamp                                                 | 1167040800000
   artifactory.context.path                                              | /artifactory
   artifactory.override.context.path                                     | /artifactory
   artifactory.add.context.path                                          | true
   artifactory.access.context.path                                       | /access
   artifactory.servlet.supportUrlSessionTracking                         | false
   artifactory.addons.disabled                                           | 
   artifactory.addons.info.url                                           | http://service.jfrog.org/artifactory/addons/info/%s
   artifactory.addons.info.url                                           | http://www.jfrog.com/confluence/display/RTF/%s
   artifactory.jcr.addons.info.url                                       | http://www.jfrog.com/confluence/display/JCR/%s
   artifactory.async.corePoolSize                                        | 12
   artifactory.async.poolTtlSecs                                         | 60
   artifactory.async.poolMaxQueueSize                                    | 10000
   artifactory.versioningQueryIntervalSecs                               | 7200
   artifactory.logs.viewRefreshRateSecs                                  | 10
   artifactory.locks.timeoutSecs                                         | 120
   artifactory.locks.debugTimeouts                                       | false
   artifactory.task.pause.timeoutSecs                                    | 120
   artifactory.task.retry.wait.beforeRescheduleSecs                      | 5
   artifactory.task.completionLockTimeoutRetries                         | 100
   artifactory.repo.concurrentDownloadSyncTimeoutSecs                    | 900
   artifactory.repo.downloadStatsEnabled                                 | true
   artifactory.repo.download.saveGetResource                             | false
   artifactory.repo.global.disabled                                      | true
   artifactory.fsitem.cache.idleTimeSecs                                 | 1200
   artifactory.docker.tokens.cache.idleTimeSecs                          | 240
   artifactory.artifactory.tokens.cache.idleTimeSecs                     | 600
   artifactory.cacheFS.sync.quietPeriodSecs                              | 900
   artifactory.search.maxResults                                         | 500
   artifactory.search.userQueryLimit                                     | 1000
   artifactory.search.max.list.size                                      | 600
   artifactory.search.userSqlQueryLimit                                  | 2000
   artifactory.search.limitAnonymousUsersOnly                            | true
   artifactory.search.content.maxFragments                               | 500
   artifactory.search.content.maxFragmentsSize                           | 5000
   artifactory.search.archive.minQueryLength                             | 3
   artifactory.search.pattern.timeoutSecs                                | 30
   artifactory.search.projects.maxReposToProcess                         | 10
   artifactory.gc.trashBinariesCleanup.enabled                           | false
   artifactory.gc.trashBinariesCleanup.intervalSecs                      | 900
   artifactory.gc.trashBinariesCleanup.delaySecs                         | -1
   artifactory.gc.trashBinariesCleanup.maxQueueLength                    | 10000
   artifactory.gc.useIndex                                               | false
   artifactory.gc.intervalSecs                                           | 86400
   artifactory.gc.delaySecs                                              | 7200
   artifactory.gc.sleepBetweenNodesMillis                                | 20
   artifactory.gc.scanStartSleepingThresholdMillis                       | 20000
   artifactory.gc.scanSleepBetweenIterationsMillis                       | 200
   artifactory.gc.fileScanSleepIterationMillis                           | 1000
   artifactory.gc.fileScanSleepMillis                                    | 250
   artifactory.gc.maxCacheEntries                                        | 10000
   artifactory.gc.readersMaxTimeSecs                                     | 10800
   artifactory.gc.failCount.threshold                                    | 10
   artifactory.gc.binaries.joinWithNodes                                 | true
   artifactory.gc.numberOfWorkersThreads                                 | 3
   artifactory.gc.skipFullGcBetweenMinorIterations                       | 20
   artifactory.traffic.collectionActive                                  | false
   artifactory.traffic.v2.enabled                                        | false
   artifactory.traffic.v2.enabled.finally                                | false
   artifactory.traffic.ignore.range.header.when.calc.binary.size.for.redirect| false
   artifactory.security.authentication.cache.initSize                    | 100
   artifactory.security.authentication.cache.idleTimeSecs                | 300
   artifactory.security.ui.authentication.cache.idleTimeSecs             | 15
   artifactory.security.userLastAccessUpdatesResolutionSecs              | 5
   artifactory.security.master.key                                       | ************************
   artifactory.security.master.key.numOfFallbackKeys                     | *
   artifactory.security.disableRememberMe                                | false
   artifactory.security.rememberMe.lifetimeSecs                          | 1209600
   artifactory.security.ldap.forceGroupMemberAttFullDN                   | false
   artifactory.security.ldap.disable.group.search.attributes.limitation  | false
   artifactory.security.ldap.group.policy.cleanOnFail                    | true
   artifactory.security.ldap.group.search.filterThreshold                | 0
   artifactory.security.ldap.group.cacheRetentionSecs                    | 300
   artifactory.ldap.max.page.size                                        | 1000
   artifactory.ldap.paging.support                                       | true
   artifactory.ldap.disable.paging.support.period.minutes                | 10
   artifactory.enable.aql.read.committed                                 | false
   artifactory.enable.aql.remote                                         | true
   artifactory.aql.transitive.remote.repos.limit                         | 5
   artifactory.aql.transitive.collect.stats.enabled                      | true
   artifactory.aql.transitive.collect.stats.cache.size                   | 5000
   artifactory.mvn.central.hostPattern                                   | .maven.org
   artifactory.mvn.central.indexerMaxQueryIntervalSecs                   | 86400
   artifactory.mvn.metadata.plugin.calculation.workers                   | 2
   artifactory.mvn.metadata.calculation.workers                          | 8
   artifactory.mvn.dynamicMetadata.cacheRetentionSecs                    | 10
   artifactory.mvn.metadata.version3.enabled                             | true
   artifactory.mvn.custom.types                                          | tar.gz,tar.bz2
   artifactory.request.disableVersionTokens                              | false
   artifactory.request.searchLatestReleaseByDateCreated                  | false
   artifactory.npm.tag.tagLatestByPublish                                | false
   artifactory.npm.repositories.download.priority.resolution             | true
   artifactory.build.maxFoldersToScanForDeletionWarnings                 | 2
   artifactory.build.checksum.cache.idleTimeSecs                         | 300
   artifactory.updates.refreshIntervalSecs                               | 14400
   artifactory.updates.url                                               | http://service.jfrog.org/artifactory/updates
   artifactory.artifactoryRequestsToGlobalCanRetrieveRemoteArtifacts     | false
   artifactory.ui.syntaxColoringMaxTextSizeBytes                         | 512000
   artifactory.plugin.scripts.refreshIntervalSecs                        | 0
   artifactory.aol.skip.skipable.converters                              | false
   artifactory.plugin.aol.support                                        | false
   artifactory.aol.dedicated.server                                      | false
   artifactory.aol.displayAccountManagementLink                          | true
   artifactory.aol.security.http.sso.enable                              | false
   artifactory.aol.security.anon.access.enable                           | false
   artifactory.aol.indexer.enable                                        | false
   artifactory.aol.docker.skip.creating.dns.record                       | false
   artifactory.ui.session.timeout.minutes                                | 30
   artifactory.file.roller.maxFileToRetain                               | 10
   artifactory.backup.fileExportSleepIterationMillis                     | 2000
   artifactory.backup.fileExportSleepMillis                              | 250
   artifactory.s3.existsCheckAfterAddingStream                           | true
   artifactory.binary.provider.artifacts.existence.cache.expirySecs      | 60
   artifactory.binary.provider.artifacts.existence.cache.size            | 20000
   artifactory.http.acceptEncoding.gzip                                  | true
   artifactory.http.useExpectContinue                                    | false
   artifactory.http.forceForbiddenResponse                               | false
   artifactory.http.connectionPool.timeToLive                            | 30
   artifactory.http.enableCookieManagement                               | false
   artifactory.filtering.resourceSizeKb                                  | 64
   artifactory.repo.remote.checkForExistingResourceOnRequest             | true
   artifactory.version.query.enabled                                     | true
   artifactory.response.disableContentDispositionFilename                | false
   artifactory.composer.metadata.extractor.workers                       | 20
   artifactory.composer.metadata.index.workers                           | 10
   artifactory.chef.metadata.index.workers                               | 10
   artifactory.yum.virtual.metadata.calculation.workers                  | 5
   artifactory.rpm.metadata.calculation.workers                          | 8
   artifactory.rpm.metadata.history.cycles.to.keep                       | 3
   artifactory.rpm.metadata.require.logic.enabled                        | true
   artifactory.debian.metadata.queue                                     | 
   artifactory.debian.metadata.calculation.workers                       | 8
   artifactory.debian.metadata.auto.calculation.disabled                 | false
   artifactory.debian.coordinates.calculation.workers                    | 4
   artifactory.debian.virtual.metadata.calculation.workers               | 5
   artifactory.debian.remote.etag                                        | true
   artifactory.debian.metadata.validation                                | true
   artifactory.debian.metadata.calculateMd5InPackagesFiles               | false
   artifactory.debian.use.acquire.byhash                                 | true
   artifactory.debian.packages.byhash.history.cycles.to.Keep             | 3
   artifactory.debian.release.extended.label                             | false
   artifactory.archive.licenseFile.names                                 | license,LICENSE,license.txt,LICENSE.txt,LICENSE.TXT
   artifactory.ui.search.maxRowsPerPage                                  | 20
   artifactory.ui.search.artifacts.caseInsensitive                       | true
   artifactory.replication.checksumDeploy.minSizeKb                      | 10
   artifactory.replication.consumer.queueSize                            | 1
   artifactory.replication.local.iteration.sleepThresholdMillis          | 1000
   artifactory.replication.local.iteration.sleepMillis                   | 100
   artifactory.replication.event.queue.size                              | 50000
   artifactory.replication.properties.max.length                         | 100000
   artifactory.replication.statistics.max.length                         | 5000
   artifactory.replication.initContext.task.intervalSecs                 | 60
   artifactory.replication.initContext.task.initialDelaySecs             | 5
   artifactory.replication.push.fullTree.saveLocally                     | true
   artifactory.replication.push.fullTree.saveLocally.free.disk.threshold.bytes| 100000000
   artifactory.replication.push.caseDifference.support                   | false
   artifactory.request.explodedArchiveExtensions                         | zip,tar,tar.gz,tgz,7z,tar.bz2
   artifactory.bintray.jcenter.url                                       | http://jcenter.bintray.com
   artifactory.jcr.xray.demo.enabled                                     | false
   artifactory.bintray.url                                               | https://bintray.com
   artifactory.bintray.api.url                                           | https://api.bintray.com
   artifactory.bintray.token.expirySecs                                  | 3600
   artifactory.bintray.distributionRegex.timeoutMillis                   | 180000
   artifactory.bintray.ui.hideUploads                                    | false
   artifactory.bintray.ui.hideInfo                                       | false
   artifactory.bintray.ui.hideRemoteSearch                               | false
   artifactory.bintray.client.threadPool.size                            | 5
   artifactory.enable.ui.pages.in.Iframe                                 | false
   artifactory.bintray.client.requestTimeoutMS                           | 150000
   artifactory.bintray.client.distribution.requestTimeoutMS              | 30000
   artifactory.bintray.client.signRequestTimeoutMS                       | 45000
   artifactory.useUserNameAutoCompleteOnLogin                            | on
   artifactory.ui.hideEncryptedPassword                                  | *****
   artifactory.stats.flushIntervalSecs                                   | 30
   artifactory.stats.remote.flushIntervalSecs                            | 35
   artifactory.stats.flushTimeoutSecs                                    | 120
   artifactory.integrationCleanup.intervalSecs                           | 300
   artifactory.integrationCleanup.quietPeriodSecs                        | 60
   artifactory.folderPruning.intervalSecs                                | 300
   artifactory.folderPruning.quietPeriodSecs                             | 60
   artifactory.repo.virtualCacheCleanup.maxAgeHours                      | 168
   artifactory.repo.virtualCacheCleanup.pattern                          | *.pom
   artifactory.security.authentication.password.salt                     | ****************
   artifactory.db.idGenerator.fetch.amount                               | 2000
   artifactory.db.idGenerator.max.update.retries                         | 50
   artifactory.gems.localIndexTaskIntervalSecs                           | 30
   artifactory.gems.virtualIndexTaskIntervalSecs                         | 300
   artifactory.gems.remoteAllowCacheDependencies                         | true
   artifactory.gems.gemsIndexTaskQueueLimit                              | 20000
   artifactory.gems.gemsAfterRepoInitHack                                | true
   artifactory.gems.number.of.split.iterations                           | 1
   artifactory.gems.compact.index.enabled                                | false
   artifactory.gems.compact.index.workers                                | 5
   artifactory.gems.compact.etag.stash.size                              | 5000
   artifactory.gems.compact.etag.cache.size                              | 20000
   artifactory.gems.compact.etag.cache.eviction.time.minutes             | 15
   artifactory.gems.compact.packages.cache.size                          | 100000
   artifactory.gems.compact.packages.cache.eviction.time.minutes         | 15
   artifactory.jruby.runtime.localContextMode                            | CONCURRENT
   artifactory.security.authentication.crowd.group.startIndex            | 0
   artifactory.security.authentication.crowd.group.maxResults            | 9999
   artifactory.ui.hideChecksums                                          | true
   artifactory.airgap.recovery.intervalSecs                              | 300
   artifactory.releasebundle.close.transaction.retries                   | 3
   artifactory.releasebundle.close.transaction.retries.waiting.millis    | 1000
   artifactory.releasebundle.close.transaction.with.bulk.operations      | true
   artifactory.archive.indexer.intervalSecs                              | 60
   artifactory.xray.indexer.intervalSecs                                 | 60
   artifactory.xray.client.token.authentication.support                  | true
   artifactory.xray.client.token.expiry.minutes                          | 1440
   artifactory.xray.client.block.cache.expiration.intervalSecs           | 300
   artifactory.xray.client.block.unscanned.cache.expiration.intervalSecs | 120
   artifactory.xray.event.job.read.limit                                 | 10000
   artifactory.xray.client.block.cache.size                              | 100000
   artifactory.xray.client.heartbeat.intervalSecs                        | 5
   artifactory.xray.client.repositories.policies.update.intervalSecs     | 20
   artifactory.xray.client.repositories.policies.update.quietPeriodSecs  | 5
   artifactory.xray.client.max.connections                               | 50
   artifactory.xray.client.connection.timeout.millis                     | 5000
   artifactory.xray.client.builds.socket.timeout.millis                  | 600000
   artifactory.xray.client.normal.socket.timeout.millis                  | 25000
   artifactory.xray.cleanup.job.quietPeriodSecs                          | 60
   artifactory.xray.cleanup.job.db.query.limit                           | 100
   artifactory.xray.cleanup.job.batch.size                               | 100
   artifactory.xray.cleanup.job.sleep.interval.millis                    | 0
   artifactory.xray.block.unscanned.recheck.intervalSecs                 | 20
   artifactory.nuget.inMemoryRemoteCaches                                | true
   artifactory.nuget.forceAuthentication                                 | false
   artifactory.nuget.allowRootGetWithAnon                                | false
   artifactory.nuget.disableSemVer2SearchFilterForLocalRepos             | false
   artifactory.nuget.disableSemverComparator                             | false
   artifactory.nuget.ignoreIsLatestVersionFilter                         | true
   artifactory.nuget.xstream.reusage.for.remote.metadata.enabled         | true
   artifactory.nuget.allowV3Download                                     | true
   artifactory.ha.orphan.cluster.singleton.lock.period.minutes           | 30
   artifactory.ha.heartbeat.intervalSecs                                 | 5
   artifactory.ha.heartbeat.staleSecs                                    | 30
   artifactory.ha.heartbeat.stale.server.cleanup.periodMinutes           | 180
   artifactory.ha.heartbeat.network.timeout                              | 10
   artifactory.ha.propagation.http.socketTimeoutMs                       | 15000
   artifactory.ha.propagation.http.connectionTimeoutMs                   | 5000
   artifactory.ha.propagation.http.maxTotalConnections                   | 150
   artifactory.ha.propagation.CallTimeoutSecs                            | 30
   artifactory.binary.store.error.notification.intervalSecs              | 30
   artifactory.binary.store.error.notification.staleSecs                 | 30
   artifactory.ha.membersIntroduction.intervalSecs                       | 30
   artifactory.ha.membersIntroduction.staleSecs                          | 30
   artifactory.npm.remote.metadata.content.validation                    | true
   artifactory.npm.remote.metadata.json.accept.header                    | true
   artifactory.npm.alternative.download.enabled                          | false
   artifactory.npm.use.cache.on.remote.repo.fail.enabled                 | false
   artifactory.npm.default.audit.provider                                | https://registry.npmjs.org
   artifactory.npm.minimal.xray.audit.support                            | 2.8.0
   artifactory.npm.virtual.cache.item.ttl.seconds                        | 600
   artifactory.npm.virtual.cache.cleanup.batch.size                      | 1000
   artifactory.npm.semver4j.enabled                                      | true
   artifactory.npm.external.versioning.enabled                           | false
   artifactory.npm.github.packages.url                                   | https://npm.pkg.github.com/
   artifactory.import.max.parallelRepos                                  | 2
   artifactory.debian.distribution.path                                  | dists
   artifactory.opkg.metadata.calculation.workers                         | 5
   artifactory.debian.default.architectures                              | i386,amd64
   artifactory.pypi.index.quietPeriodSecs                                | 60
   artifactory.pypi.index.sleepMilliSecs                                 | 60
   artifactory.pypi.index.preferMetadataOnRootDepth                      | true
   artifactory.pypi.preferLatestVersionSearch                            | true
   artifactory.eventually.persisted.task.manager.jobSecs                 | 600
   artifactory.docker.filter.catalog.by.user.permission                  | false
   artifactory.docker.cleanup.maxAgeMillis                               | 86400000
   artifactory.docker.cleanup.uploadsTmpFolderJobSecs                    | 86400
   artifactory.docker.cleanup.tmpFolder.maxSearchResult                  | 5000
   artifactory.docker.tags.cleanup.intervalSecs                          | 300
   artifactory.docker.tags.cleanup.quietPeriodSecs                       | 60
   artifactory.docker.tags.orphan.layer.cleanup.intervalSecs             | 90
   artifactory.docker.tags.orphan.layer.cleanup.quietPeriodSecs          | 300
   artifactory.docker.manifest.marker.lock.timeoutMillis                 | 30000
   artifactory.docker.indexNumOfWorkerThreads                            | 5
   artifactory.docker.pull.v1.schema.by.digest.enabled                   | false
   artifactory.docker.cache.remote.repo.tags.and.catalog                 | 
   artifactory.docker.search.manifest.by.digest.and.tag.enabled          | false
   artifactory.oci.accepted.user.agents.list                             | 
   artifactory.http.range.support                                        | true
   artifactory.acl.dirty.read.timeout                                    | 20000
   artifactory.acl.version.cache.async.reload                            | false
   artifactory.acl.version.cache.async.waiting.time.millis               | 60000
   artifactory.acl.version.cache.async.waiting.on.error.time.millis      | 60000
   artifactory.acl.minimum.wait.refresh.data.seconds                     | 30
   artifactory.central.config.validation                                 | true
   artifactory.central.config.dirty.read.timeout.millis                  | 2000
   artifactory.central.config.latest.revisions.expire.after.access.seconds| 21600
   artifactory.central.config.latest.revisions.dictionary.size           | 20
   artifactory.central.config.save.number.of.retries                     | 5
   artifactory.central.config.save.backoff.max.delay                     | 8000
   artifactory.central.config.save.backoff.multiplier                    | 2
   artifactory.repositories.dirty.read.timeout.millis                    | 5000
   artifactory.repo.http.idleConnectionMonitorInterval                   | 10
   artifactory.repo.http.disableIdleConnectionMonitoring                 | false
   artifactory.support.core.bundle.contentCollectionAwaitTimeout         | 60
   artifactory.support.core.bundle.waitForSlotBeforeWithdraw             | 600
   artifactory.support.core.bundle.maxBundles                            | 5
   artifactory.support.bundle.retrieval.token.expiry.minutes             | 5
   artifactory.binary.provider.zones                                     | a,b,c
   artifactory.binary.provider.prune.chunk.size                          | 500
   artifactory.properties.search.chunk.size                              | 500
   artifactory.exists.repo.chunk.size                                    | 500
   artifactory.security.useFrontCacheForBlockedUsers                     | true
   artifactory.security.loginBlockDelay                                  | 1000
   artifactory.security.maxLoginBlockDelay                               | 60000
   artifactory.security.max.incorrect.login.attempts                     | 2
   artifactory.security.max.users.toTrack                                | 10000
   artifactory.security.password.expiry.passwordExpireNotificationJobIntervalSecs| *****
   artifactory.security.password.expiry.passwordExpireJobIntervalSecs    | *****
   artifactory.security.password.expiry.daysToNotifyBefore               | *
   artifactory.http.client.max.total.connections                         | 50
   artifactory.http.client.max.connections.per.route                     | 50
   artifactory.http.client.max.docker.token.connections                  | 2
   artifactory.hazelcast.max.lock.lease.time.minutes                     | 30
   artifactory.repo.remote.blockedMismatchingMimeTypes                   | text/html,application/xhtml+xml
   artifactory.mvn.metadata.calculation.skip.delete.event                | false
   artifactory.repo.remote.browsing.content.length.limit.KB              | 1024
   artifactory.repo.browsing.content.security.policy                     | sandbox
   artifactory.repo.remote.syncProperties.blacklistUrls                  | 
   artifactory.remote.repo.url.strict.policy                             | true
   artifactory.remote.repo.url.verifier.cache.expirySecs                 | 300
   artifactory.remote.repo.url.verifier.cache.size                       | 200
   artifactory.sumologic.api.url                                         | https://auth.sumologic.com
   artifactory.move.copy.max.folder.cache.size                           | 1000000
   artifactory.move.copy.default.transaction.size                        | 1000
   artifactory.node.properties.replace.all                               | false
   artifactory.node.properties.log.performance                           | false
   artifactory.workQueue.execution.syncExecutionTimeoutMillis            | 120000
   artifactory.workQueue.dojob.enabled                                   | true
   artifactory.workQueue.dojob.intervalSecs                              | 5
   artifactory.workitem.max.lock.lease.time.minutes                      | 30
   artifactory.persistentQueue.repo.min.event.expire.sec                 | 3600
   artifactory.persistentQueue.max.lock.lease.time.minutes               | 1
   artifactory.persistentQueue.check.trigger.sec                         | 3600
   artifactory.persistentQueue.errors.check.trigger.sec                  | 30
   artifactory.persistentQueue.trigger.number.of.threads                 | 10
   artifactory.ha.messages.workers                                       | 10
   artifactory.airgap.workers                                            | 5
   artifactory.db.operations.bulk.size                                   | 500
   artifactory.async.delete.item.workers                                 | 5
   artifactory.security.communication.constant                           | ArtifactorySecurityCommunicationConstant
   artifactory.nuget.disablePermissionCheck                              | false
   artifactory.treebrowser.sortRepositories.sortByType                   | virtual,distribution,local,remote,cached
   artifactory.treebrowser.folder.compact                                | true
   artifactory.maven.metadata.publishModelVersion                        | true
   artifactory.access.token.expiresIn.default                            | 3600
   artifactory.access.token.non.admin.max.expires.in                     | 3600
   artifactory.access.token.file.limitedForAnonymous                     | true
   artifactory.access.token.file.non.admin.max.expires.in                | 10800
   artifactory.access.client.token.verify.result.cache.size              | -1
   artifactory.access.client.token.verify.result.cache.expiry            | -1
   artifactory.access.client.waitForServer                               | 90
   artifactory.access.client.max.connections                             | 50
   artifactory.access.client.connection.timeout                          | -1
   artifactory.access.client.socket.timeout                              | -1
   artifactory.access.client.force.rest                                  | false
   artifactory.access.client.force.grpc                                  | false
   artifactory.access.client.startup.ping.retries                        | 90
   artifactory.access.grpc.client.keepalive.timeoutMillis                | 15000
   artifactory.access.grpc.client.resubscribe.delayMillis                | 5000
   artifactory.access.client.projects.config.cache.expirySecs            | 86400
   artifactory.access.client.projects.config.cache.size                  | 50000
   artifactory.metadata.client.max.connections                           | 50
   artifactory.metadata.client.connection.timeout                        | 10000
   artifactory.metadata.client.socket.timeout                            | 300000
   artifactory.metadata.client.serverUrl.override                        | http://localhost:8086
   artifactory.metadata.event.operator.threads                           | 5
   artifactory.metadata.event.operator.dispatcher.interval.secs          | 60
   artifactory.metadata.event.unstable.margin.secs                       | 60
   artifactory.metadata.native.ui                                        | true
   artifactory.metadata.server.events.persistence                        | distributed
   artifactory.metadata.server.max.files.to.write.per.version            | 1000
   artifactory.security.active.principal.token.ttl                       | 600
   artifactory.security.active.principal.token.ttl                       | 10000
   artifactory.saml.requests.ids.cache.size                              | 3000
   artifactory.saml.inResponseTo.validation.enable                       | false
   artifactory.puppet.metadata.calculation.workers                       | 5
   artifactory.puppet.repo.metadata.calculation.workers                  | 5
   artifactory.puppet.reindex.period                                     | 1800
   artifactory.puppet.additional.modulegroup                             | 
   artifactory.puppet.additional.endorsement                             | 
   artifactory.onboarding.skipWizard                                     | false
   artifactory.configuration.manager.retry.amount                        | 3
   artifactory.configuration.manager.quiet.period                        | 20000
   artifactory.configuration.manager.blocking.time                       | 60000
   artifactory.aggregation.time.window.secs                              | 60
   artifactory.most.downloaded.cache.idleTimeSecs                        | 900
   artifactory.replication.eventBased.connection.maxDelay                | 1800000
   artifactory.replications.eventbased.workers                           | 8
   artifactory.replication.eventbased.maxQueueItems                      | 500
   artifactory.replication.eventbased.maxPullReplicationsPerRepo         | 30
   artifactory.replication.eventbased.maxPullReplicationInboundEventsPerRepo| 10000
   artifactory.replication.eventbased.pullInboundUseSimpleExecutor       | false
   artifactory.replication.eventbased.pullDispatcher.timeMillis          | 1511
   artifactory.ha.replication.max.pool.size                              | 16
   artifactory.build.retention.enabled                                   | true
   artifactory.build.retention.workers                                   | 10
   artifactory.build.retention.always.async                              | false
   artifactory.build.info.migration.job.enabled                          | true
   artifactory.build.info.migration.job.queue.workers                    | 2
   artifactory.build.info.migration.fix.properties                       | false
   artifactory.build.ui.skip.delete.permission.check                     | false
   artifactory.locking.provider.type                                     | db
   artifactory.db.lock.cleanup.job.interval                              | 120
   artifactory.db.lock.cleanup.job.stale.interval                        | 120
   artifactory.db.mssql.property.value.max.size                          | 900
   artifactory.db.postgres.property.value.max.size                       | 2400
   artifactory.db.lock.conditional.insert.enabled                        | true
   artifactory.db.lock.max.wait.ms                                       | 2048
   artifactory.db.lock.initial.wait.ms                                   | 8
   artifactory.db.lock.max.retry.deletions                               | 3
   artifactory.db.lock.initial.unlock.wait.ms                            | 4
   artifactory.migration.job.waitForCluster.sleepIntervalMillis          | 300000
   artifactory.migration.job.dbQueryLimit                                | 100
   artifactory.migration.job.batchSize                                   | 10
   artifactory.migration.job.sleepIntervalMillis                         | 5000
   artifactory.sha2.migration.job.queue.workers                          | 2
   artifactory.sha2.migration.job.enabled                                | false
   artifactory.pathChecksum.migration.job.enabled                        | false
   artifactory.pathChecksum.migration.job.queue.workers                  | 2
   artifactory.upload.failOnChecksumValidationError                      | false
   artifactory.remote.download.inVain.consume.limit.inMegaBytes          | 1
   artifactory.remote.fetching.list.maximum.iteration                    | 3
   artifactory.service.name                                              | https://localhost:8080/artifactory/webapp/
   artifactory.helm.metadata.calculation.workers                         | 5
   artifactory.helm.virtual.metadata.calculation.workers                 | 5
   artifactory.helm.virtual.index.useApi                                 | true
   artifactory.helm.index.queue.max.items                                | 100
   artifactory.alpine.metadata.calculation.workers                       | 5
   artifactory.alpine.virtual.metadata.calculation.workers               | 5
   artifactory.cargo.metadata.calculation.workers                        | 5
   artifactory.cargo.index.queue.max.items                               | 100
   artifactory.cargo.timeout.gitServlet.init.millis                      | 30000
   artifactory.cran.metadata.calculation.workers                         | 5
   artifactory.conan.metadata.calculation.workers                        | 5
   artifactory.conan.index.timestamp.override.threshold.millis           | 60000
   artifactory.conan.v2.migration.job.enabled                            | true
   artifactory.conan.v2.migration.job.queue.workers                      | 2
   artifactory.git.repositories.workers                                  | 5
   artifactory.sql.converter.allowExternalConversionScripts              | false
   artifactory.database.converters.skip                                  | false
   artifactory.master.key.waiting.timeout.millis                         | *****
   artifactory.join.key.waiting.timeout.millis                           | *****
   artifactory.bootstrap.logger.debug                                    | false
   artifactory.enable.context.aware.logger                               | false
   artifactory.send.overwrites.to.trashcan                               | true
   artifactory.trashcan.max.search.results                               | 10000
   artifactory.enable.replicator.use                                     | true
   artifactory.start.local.replicator                                    | false
   artifactory.min.replicator.use.filesize.in.bytes                      | 8000000
   artifactory.block.on.conversion.cache.timeout.in.millis               | 0
   artifactory.node.events.enabled                                       | true
   artifactory.node.events.metrics.enabled                               | true
   artifactory.node.events.max.time                                      | 31536000000
   artifactory.jobs.table.ttl.millis                                     | 604800000
   artifactory.jobs.table.fetch.limit                                    | 10000
   artifactory.replication.full.useEventLog                              | false
   artifactory.replication.full.eventlog.commit.durationMillis           | 5000
   artifactory.replication.full.eventlog.forceSuccessfulFullTree         | false
   artifactory.replication.errorQueue.maxErrors                          | 100
   artifactory.replication.errorQueue.enabled                            | false
   artifactory.replication.errorQueue.retryCount                         | 10
   artifactory.releasebundle.cleanup.intervalSecs                        | 3600
   artifactory.releasebundle.distribute.streaming.intervalSecs           | 15
   artifactory.local.port.for.replicator                                 | 8081
   artifactory.package.native.ui.results                                 | 1000
   artifactory.package.native.ui.include.total.downloads                 | true
   artifactory.package.native.ui.search.by.path                          | false
   artifactory.http.sso.create.session.ui.request.only                   | true
   artifactory.s3.autoBucketCreation.skip                                | false
   artifactory.global.message.cache.ageSecs                              | 10
   artifactory.apply.local.repos.permissions.on.remote.repos             | true
   artifactory.apply.remote.repos.permissions.on.local.repos             | true
   artifactory.ui.continue.paging.limit                                  | 500
   artifactory.conda.metadata.calculation.workers                        | 5
   artifactory.npm.metadata.calculation.workers                          | 10
   artifactory.npm.reindex.metadata.calculation.workers                  | 10
   artifactory.go.github.useRaw                                          | false
   artifactory.go.pathFallback.allow                                     | false
   artifactory.go.sumdb.enabled                                          | true
   artifactory.go.latest.version.support                                 | true
   artifactory.go.skip.github.get.import.path.request                    | true
   artifactory.native.ui.search.max.time.millis                          | 60000
   artifactory.access.admin.default.password.check.period.millis         | *****
   artifactory.signed.url.cdn.validForSecs                               | 30
   artifactory.signed.url.validForSecs                                   | 86400
   artifactory.signed.url.ui.download.valid.for.secs                     | 300
   artifactory.should.include.native.prop.keys                           | ****
   artifactory.replication.skip.check.localgenerated                     | false
   artifactory.docker.catalogs.tags.fallback.fetch.remote.cache          | false
   artifactory.sql.server.query.builder.force.add.offset.to.query        | false
   artifactory.support.bundles.retention.count                           | 15
   artifactory.max.artifacts.permission.test.on.checksum.deploy          | 10
   artifactory.ignore.checksum.deploy.permission.check                   | false
   artifactory.enforce.permission.check.on.identical.checksum.deploy     | false
   artifactory.list.of.repos.allowed.send.redirect.url                   | 
   artifactory.cloud.binary.provider.redirect.threshold.in.bytes         | 204800
   artifactory.internal.request.disable.method.delegation                | false
   artifactory.is.add.user.name.to.sign.url.for.redirect                 | false
   artifactory.list.of.repos.hosts.need.to.avoid.url.normalisation       | mcr.microsoft.com, pkgs.dev.azure.com, nuget.pkg.github.com, promitor.azurecr.io
   artifactory.cipher.black.list                                         | 
   artifactory.key.exchange.black.list                                   | 
   artifactory.ssh.mac.black.list                                        | 
   artifactory.ssh.signature.black.list                                  | 
   artifactory.ssh.cipher.algorithms                                     | 
   artifactory.ssh.key.exchange.algorithms                               | 
   artifactory.ssh.mac.algorithms                                        | 
   artifactory.ssh.signature.algorithms                                  | 
   artifactory.max.release.bundle.size.to.display                        | 3000
   artifactory.events.log.cleanup.task.period.hours                      | 13
   artifactory.events.log.cleanup.age.of.entries.to.discard.days         | 60
   artifactory.replication.events.fetch.batch.limit                      | 1000
   artifactory.events.log.cleanup.interval.hours                         | 4
   artifactory.events.log.cleanup.iteration.sleep.time.millis            | 10
   artifactory.shutdown.on.invalid.db.scheme                             | false
   artifactory.update.storage.status.enabled                             | false
   artifactory.update.storage.status.cron                                | 0 0/15 * ? * *
   artifactory.storage.usage.sync.max.retries.until.flush                | 15
   artifactory.storage.usage.save.number.of.retries                      | 5
   artifactory.storage.usage.save.backoff.max.delay                      | 8000
   artifactory.storage.usage.save.backoff.multiplier                     | 2
   artifactory.projects.storage.quota.enabled                            | true
   artifactory.projects.storage.quota.error.tolerance.percentage         | 1
   artifactory.projects.storage.quota.notification.threshold.hardLimit.percentage| 75
   artifactory.projects.storage.quota.notification.job.interval.minutes  | 60
   artifactory.projects.storage.quota.notification.job.initial.delay.minutes| 10
   artifactory.projects.storage.quota.notification.period                | 720
   artifactory.allow.insecure.templates                                  | false
   artifactory.docker.blobs.caches.enabled                               | true
   artifactory.docker.blobs.cache.stat.print.interval.millis             | 300000
   artifactory.docker.verify.blob.checksum.before.caching                | false
   artifactory.security.authentication.skip.artifactory.redirect         | false
   artifactory.system.import.enabled                                     | true
   artifactory.repository.import.enabled                                 | true
   artifactory.allow.export.import.insecure.paths                        | false
   artifactory.ha.affinity.task.fallback                                 | false
   artifactory.ha.task.affinity.enabled                                  | true
   artifactory.oauth.redirect.prefer.custom.base.url                     | true
   artifactory.default.pipelines.repo.key                                | **************
   artifactory.event.client.timeout.seconds                              | 60
   artifactory.jf.event.max.workers                                      | 60
   artifactory.use.repo.path.on.remote.offline                           | true
   artifactory.metrics.enabled                                           | false
   artifactory.exclude.artifacts.from.metadata                           | false
   artifactory.exclude.artifacts.from.metadata.cache.size                | 20000
   artifactory.exclude.artifacts.from.metadata.cache.eviction.time       | 15
   artifactory.include.md5.into.etag.check                               | false
   artifactory.security.api.plus.insteadof.space                         | true
   artifactory.sync.resources.with.access.job.interval                   | 900000
   artifactory.validate.lowercase.username.on.group.association          | false
   artifactory.builds.db.force.override.enabled                          | false
   artifactory.shift.events.try.lock.timeout.ms                          | 120000
   artifactory.shift.events.periodic.ms                                  | 30000
   artifactory.shift.events.sql.limit                                    | 1000
   artifactory.node.events.event.id.migration.margin                     | 1000000
   artifactory.federated.repo.heartbeat.interval.sec                     | 10
   artifactory.federated.repo.heartbeat.initial.delay.sec                | 5
   artifactory.federated.repo.heartbeat.stale.sec                        | 600
   artifactory.federated.repo.max.total.http.connections                 | 500
   artifactory.federated.repo.full.sync.enabled                          | true
   artifactory.federated.repo.remote.validate.timeout.sec                | 60
   artifactory.federated.repo.cleanup.deleted.interval.hours             | 24
   artifactory.replication.full.sync.max.threads                         | 5
   artifactory.replication.full.sync.log.progress.interval               | 1000
   artifactory.event.log.work.queue.number.of.threads                    | 10
   artifactory.block.redirects.to.local.resources                        | false
   artifactory.http.repo.hosts.cache.eviction.time.minutes               | 1440

2021-06-18T17:57:00.247Z [jfrt ] [INFO ] [1e1ad57a539d955e] [o.a.s.a.AccessServiceImpl:523 ] [art-init            ] - Initialized new service id: jfrt@01f7bx52m3966z1w8h4npq0tdb
2021-06-18T17:57:00.421Z [jfrt ] [INFO ] [1e1ad57a539d955e] [oryAccessClientConfigStore:528] [art-init            ] - Using Access Server URL: http://localhost:8046/access source: System Config
2021-06-18T17:57:03.220Z [jfrt ] [INFO ] [1e1ad57a539d955e] [o.j.c.ExecutionUtils:165      ] [pool-4-thread-1     ] - Cluster join: Retry 5: Service registry ping failed, will retry. Error while trying to connect to local router at address 'http://localhost:8046/access': Connect to localhost:8046 [localhost/127.0.0.1] failed: Connection refused (Connection refused)
2021-06-18T17:57:09.548Z [jfrt ] [INFO ] [1e1ad57a539d955e] [.a.c.AccessClientBootstrap:152] [art-init            ] - Cluster join: Executing join on 'http://localhost:8046/access'
2021-06-18T17:57:09.860Z [jfrt ] [INFO ] [1e1ad57a539d955e] [.a.c.AccessClientBootstrap:162] [art-init            ] - Cluster join: Successfully joined the cluster
2021-06-18T17:57:12.599Z [jfrt ] [INFO ] [1e1ad57a539d955e] [o.a.s.a.AccessServiceImpl:454 ] [art-init            ] - Initialized access service successfully with client id 1261140084, closing old client id [null]
2021-06-18T17:57:12.612Z [jfrt ] [INFO ] [1e1ad57a539d955e] [o.a.s.a.AccessServiceImpl:1364] [art-init            ] - Updating access configuration with password expiration data
2021-06-18T17:57:16.098Z [jfrt ] [INFO ] [1e1ad57a539d955e] [tegrationCleanupServiceImpl:75] [art-init            ] - Using generated cron 0 9 3 ? * * for jobs table cleanup
2021-06-18T17:57:18.035Z [jfrt ] [INFO ] [1e1ad57a539d955e] [ifactoryApplicationContext:560] [art-init            ] - Artifactory application context set to READY by refresh
2021-06-18T17:57:18.125Z [jfrt ] [INFO ] [da4e84a2f54bc038] [adsFolderCleanupServiceImpl:52] [art-exec-4          ] - Starting docker temp folder cleanup
2021-06-18T17:57:18.150Z [jfrt ] [INFO ] [da4e84a2f54bc038] [adsFolderCleanupServiceImpl:54] [art-exec-4          ] - Docker temp folder cleanup finished, time took: 25 millis
2021-06-18T17:57:18.278Z [jfrt ] [INFO ] [1e1ad57a539d955e] [.w.NodeEventTaskManagerImpl:43] [art-init            ] - Event management started on behalf of Event Operator with ID 'metadata-operator-events'
2021-06-18T17:57:18.367Z [jfrt ] [INFO ] [1e1ad57a539d955e] [o.a.s.s.StorageServiceImpl:532] [art-init            ] - Scheduling CalculateReposStorageSummaryJob to run at '0 35 * ? * *'
2021-06-18T17:57:18.417Z [jfrt ] [INFO ] [1e1ad57a539d955e] [o.a.s.s.StorageServiceImpl:561] [art-init            ] - LogStorageStatusJob disabled and not scheduled to run
2021-06-18T17:57:18.600Z [jfrt ] [INFO ] [1e1ad57a539d955e] [o.a.m.f.MetricsServiceImpl:135] [art-init            ] - Metric Framework Service is enabled: false
2021-06-18T17:57:19.047Z [jfrt ] [INFO ] [1e1ad57a539d955e] [o.a.s.a.AccessServiceImpl:1685] [art-init            ] - Successful register of Artifactory serviceId jfrt@01f7bx52m3966z1w8h4npq0tdb in Access Federation
2021-06-18T17:57:19.586Z [jfrt ] [INFO ] [                ] [d.DatabaseConverterRunnable:37] [pool-39-thread-1    ] - Starting Async converter thread.
2021-06-18T17:57:19.620Z [jfrt ] [INFO ] [1e1ad57a539d955e] [ctoryContextConfigListener:271] [art-init            ] - Artifactory (jfrt) service initialization completed in 81.518 seconds. Listening on port: 8081
2021-06-18T17:57:19.613Z [jfrt ] [INFO ] [                ] [ncDBSqlConditionalConverter:33] [pool-39-thread-1    ] - Starting attempt #1 of async conversion for v225_change_nodes_node_name_idx
2021-06-18T17:57:19.676Z [jfrt ] [INFO ] [                ] [ncDBSqlConditionalConverter:35] [pool-39-thread-1    ] - Conversion of v225_change_nodes_node_name_idx finished successfully.
2021-06-18T17:57:19.677Z [jfrt ] [INFO ] [                ] [ncDBSqlConditionalConverter:33] [pool-39-thread-1    ] - Starting attempt #1 of async conversion for v225_change_nodes_node_path_idx
2021-06-18T17:57:19.694Z [jfrt ] [INFO ] [                ] [ncDBSqlConditionalConverter:35] [pool-39-thread-1    ] - Conversion of v225_change_nodes_node_path_idx finished successfully.
2021-06-18T17:57:19.709Z [jfrt ] [INFO ] [                ] [ncDBSqlConditionalConverter:33] [pool-39-thread-1    ] - Starting attempt #1 of async conversion for v225_change_nodes_node_repo_path_idx
2021-06-18T17:57:19.727Z [jfrt ] [INFO ] [                ] [ncDBSqlConditionalConverter:35] [pool-39-thread-1    ] - Conversion of v225_change_nodes_node_repo_path_idx finished successfully.
2021-06-18T17:57:19.738Z [jfrt ] [INFO ] [                ] [ncDBSqlConditionalConverter:33] [pool-39-thread-1    ] - Starting attempt #1 of async conversion for v225_add_bundle_files_node_id_index
2021-06-18T17:57:19.858Z [jfrt ] [INFO ] [                ] [ncDBSqlConditionalConverter:35] [pool-39-thread-1    ] - Conversion of v225_add_bundle_files_node_id_index finished successfully.
2021-06-18T17:57:29.862Z [jfrt ] [INFO ] [                ] [o.j.c.ConfigWrapperImpl:342   ] [pool-8-thread-1     ] - [Node ID: 1406f5853211]  detected local  modify for config 'artifactory/config/security/access/access.admin.token'
2021-06-18T17:57:49.308Z [jfrt ] [INFO ] [916924cc24ccb731] [a.e.EventsLogCleanUpService:69] [art-exec-1          ] - Starting cleanup of old events from event log
2021-06-18T17:57:50.062Z [jfrt ] [INFO ] [916924cc24ccb731] [.e.EventsLogCleanUpService:105] [art-exec-1          ] - Cleanup of old events from event log finished
2021-06-18T18:04:58.281Z [jfrt ] [INFO ] [f029276b0a022fa0] [o.a.e.UploadServiceImpl:454   ] [http-nio-8081-exec-2] - Deploy to 'libs-release-local:pl/pandait/panda/0.0.1/panda-0.0.1.jar' Content-Length: 27351735 (estimation) artificial: false
2021-06-18T18:05:00.039Z [jfrt ] [WARN ] [f029276b0a022fa0] [c.z.h.u.DriverDataSource:70   ] [http-nio-8081-exec-2] - Registered driver with driverClassName=org.apache.derby.jdbc.EmbeddedDriver was not found, trying direct instantiation.
2021-06-18T18:05:00.660Z [jfrt ] [INFO ] [6c7d4257670d1465] [o.a.e.UploadServiceImpl:327   ] [http-nio-8081-exec-6] - Deploy to 'libs-release-local:pl/pandait/panda/0.0.1/panda-0.0.1.jar.sha1' Content-Length: 40 artificial: false
2021-06-18T18:05:00.694Z [jfrt ] [INFO ] [906f6e62222febcc] [o.a.e.UploadServiceImpl:327   ] [http-nio-8081-exec-9] - Deploy to 'libs-release-local:pl/pandait/panda/0.0.1/panda-0.0.1.jar.md5' Content-Length: 32 artificial: false
2021-06-18T18:05:00.758Z [jfrt ] [INFO ] [f24d576cea2d832e] [o.a.e.UploadServiceImpl:454   ] [http-nio-8081-exec-4] - Deploy to 'libs-release-local:pl/pandait/panda/0.0.1/panda-0.0.1.pom' Content-Length: 6263 (estimation) artificial: false
2021-06-18T18:05:00.972Z [jfrt ] [INFO ] [b2bb270511bd39f2] [o.a.e.UploadServiceImpl:327   ] [http-nio-8081-exec-4] - Deploy to 'libs-release-local:pl/pandait/panda/0.0.1/panda-0.0.1.pom.sha1' Content-Length: 40 artificial: false
2021-06-18T18:05:01.015Z [jfrt ] [INFO ] [be2018d7c1e360ae] [o.a.e.UploadServiceImpl:327   ] [http-nio-8081-exec-4] - Deploy to 'libs-release-local:pl/pandait/panda/0.0.1/panda-0.0.1.pom.md5' Content-Length: 32 artificial: false
2021-06-18T18:05:01.161Z [jfrt ] [INFO ] [a9e48347de8d1960] [o.a.e.UploadServiceImpl:454   ] [http-nio-8081-exec-8] - Deploy to 'libs-release-local:pl/pandait/panda/maven-metadata.xml' Content-Length: 322 (estimation) artificial: false
2021-06-18T18:05:01.285Z [jfrt ] [INFO ] [11dd0cfb80a01fe7] [o.a.e.UploadServiceImpl:327   ] [http-nio-8081-exec-3] - Deploy to 'libs-release-local:pl/pandait/panda/maven-metadata.xml.sha1' Content-Length: 40 artificial: false
2021-06-18T18:05:01.297Z [jfrt ] [INFO ] [babe4b3366dc4384] [o.a.e.UploadServiceImpl:327   ] [http-nio-8081-exec-1] - Deploy to 'libs-release-local:pl/pandait/panda/maven-metadata.xml.md5' Content-Length: 32 artificial: false
